2005.01.07 17:20 B C:\Aardvark\whdata\whftdata.js --> magnatar.powweb.com /htdocs/WebFDMS/whdata whftdata.js
2005.01.07 17:20 B C:\Aardvark\whdata\whftdata0.htm --> magnatar.powweb.com /htdocs/WebFDMS/whdata whftdata0.htm
2005.01.07 17:20 B C:\Aardvark\whdata\whftdata0.xml --> magnatar.powweb.com /htdocs/WebFDMS/whdata whftdata0.xml
2005.01.07 17:20 B C:\Aardvark\whdata\whfts.htm --> magnatar.powweb.com /htdocs/WebFDMS/whdata whfts.htm
2005.01.07 17:20 B C:\Aardvark\whdata\whfts.js --> magnatar.powweb.com /htdocs/WebFDMS/whdata whfts.js
2005.01.07 17:20 B C:\Aardvark\whdata\whfts.xml --> magnatar.powweb.com /htdocs/WebFDMS/whdata whfts.xml
2005.01.07 17:20 B C:\Aardvark\whdata\whfwdata.js --> magnatar.powweb.com /htdocs/WebFDMS/whdata whfwdata.js
2005.01.07 17:20 B C:\Aardvark\whdata\whfwdata0.htm --> magnatar.powweb.com /htdocs/WebFDMS/whdata whfwdata0.htm
2005.01.07 17:20 B C:\Aardvark\whdata\whfwdata0.xml --> magnatar.powweb.com /htdocs/WebFDMS/whdata whfwdata0.xml
2005.01.07 17:20 B C:\Aardvark\whdata\whfwdata1.htm --> magnatar.powweb.com /htdocs/WebFDMS/whdata whfwdata1.htm
2005.01.07 17:20 B C:\Aardvark\whdata\whfwdata1.xml --> magnatar.powweb.com /htdocs/WebFDMS/whdata whfwdata1.xml
2005.01.07 17:20 B C:\Aardvark\whdata\whfwdata2.htm --> magnatar.powweb.com /htdocs/WebFDMS/whdata whfwdata2.htm
2005.01.07 17:20 B C:\Aardvark\whdata\whfwdata2.xml --> magnatar.powweb.com /htdocs/WebFDMS/whdata whfwdata2.xml
2005.01.07 17:20 B C:\Aardvark\whdata\whgdata.js --> magnatar.powweb.com /htdocs/WebFDMS/whdata whgdata.js
2005.01.07 17:20 B C:\Aardvark\whdata\whglo.htm --> magnatar.powweb.com /htdocs/WebFDMS/whdata whglo.htm
2005.01.07 17:20 B C:\Aardvark\whdata\whglo.js --> magnatar.powweb.com /htdocs/WebFDMS/whdata whglo.js
2005.01.07 17:20 B C:\Aardvark\whdata\whglo.xml --> magnatar.powweb.com /htdocs/WebFDMS/whdata whglo.xml
2005.01.07 17:20 B C:\Aardvark\whdata\whidata.js --> magnatar.powweb.com /htdocs/WebFDMS/whdata whidata.js
2005.01.07 17:20 B C:\Aardvark\whdata\whidx.htm --> magnatar.powweb.com /htdocs/WebFDMS/whdata whidx.htm
2005.01.07 17:20 B C:\Aardvark\whdata\whidx.js --> magnatar.powweb.com /htdocs/WebFDMS/whdata whidx.js
2005.01.07 17:20 B C:\Aardvark\whdata\whidx.xml --> magnatar.powweb.com /htdocs/WebFDMS/whdata whidx.xml
2005.01.07 17:20 B C:\Aardvark\whdata\whtdata.js --> magnatar.powweb.com /htdocs/WebFDMS/whdata whtdata.js
2005.01.07 17:20 B C:\Aardvark\whdata\whtdata0.htm --> magnatar.powweb.com /htdocs/WebFDMS/whdata whtdata0.htm
2005.01.07 17:20 B C:\Aardvark\whdata\whtdata0.xml --> magnatar.powweb.com /htdocs/WebFDMS/whdata whtdata0.xml
2005.01.07 17:20 B C:\Aardvark\whdata\whtoc.htm --> magnatar.powweb.com /htdocs/WebFDMS/whdata whtoc.htm
2005.01.07 17:20 B C:\Aardvark\whdata\whtoc.js --> magnatar.powweb.com /htdocs/WebFDMS/whdata whtoc.js
2005.01.07 17:20 B C:\Aardvark\whdata\whtoc.xml --> magnatar.powweb.com /htdocs/WebFDMS/whdata whtoc.xml
2005.01.10 15:42 B C:\Aardvark\whdata\whftdata.js --> magnatar.powweb.com /htdocs/WebFDMS/whdata whftdata.js
2005.01.10 15:42 B C:\Aardvark\whdata\whftdata0.htm --> magnatar.powweb.com /htdocs/WebFDMS/whdata whftdata0.htm
2005.01.10 15:42 B C:\Aardvark\whdata\whftdata0.xml --> magnatar.powweb.com /htdocs/WebFDMS/whdata whftdata0.xml
2005.01.10 15:42 B C:\Aardvark\whdata\whfts.htm --> magnatar.powweb.com /htdocs/WebFDMS/whdata whfts.htm
2005.01.10 15:42 B C:\Aardvark\whdata\whfts.js --> magnatar.powweb.com /htdocs/WebFDMS/whdata whfts.js
2005.01.10 15:42 B C:\Aardvark\whdata\whfts.xml --> magnatar.powweb.com /htdocs/WebFDMS/whdata whfts.xml
2005.01.10 15:42 B C:\Aardvark\whdata\whfwdata.js --> magnatar.powweb.com /htdocs/WebFDMS/whdata whfwdata.js
2005.01.10 15:42 B C:\Aardvark\whdata\whfwdata0.htm --> magnatar.powweb.com /htdocs/WebFDMS/whdata whfwdata0.htm
2005.01.10 15:42 B C:\Aardvark\whdata\whfwdata0.xml --> magnatar.powweb.com /htdocs/WebFDMS/whdata whfwdata0.xml
2005.01.10 15:42 B C:\Aardvark\whdata\whfwdata1.htm --> magnatar.powweb.com /htdocs/WebFDMS/whdata whfwdata1.htm
2005.01.10 15:43 B C:\Aardvark\whdata\whfwdata1.xml --> magnatar.powweb.com /htdocs/WebFDMS/whdata whfwdata1.xml
2005.01.10 15:43 B C:\Aardvark\whdata\whfwdata2.htm --> magnatar.powweb.com /htdocs/WebFDMS/whdata whfwdata2.htm
2005.01.10 15:43 B C:\Aardvark\whdata\whfwdata2.xml --> magnatar.powweb.com /htdocs/WebFDMS/whdata whfwdata2.xml
2005.01.10 15:43 B C:\Aardvark\whdata\whgdata.js --> magnatar.powweb.com /htdocs/WebFDMS/whdata whgdata.js
2005.01.10 15:43 B C:\Aardvark\whdata\whglo.htm --> magnatar.powweb.com /htdocs/WebFDMS/whdata whglo.htm
2005.01.10 15:43 B C:\Aardvark\whdata\whglo.js --> magnatar.powweb.com /htdocs/WebFDMS/whdata whglo.js
2005.01.10 15:43 B C:\Aardvark\whdata\whglo.xml --> magnatar.powweb.com /htdocs/WebFDMS/whdata whglo.xml
2005.01.10 15:43 B C:\Aardvark\whdata\whidata.js --> magnatar.powweb.com /htdocs/WebFDMS/whdata whidata.js
2005.01.10 15:43 B C:\Aardvark\whdata\whidx.htm --> magnatar.powweb.com /htdocs/WebFDMS/whdata whidx.htm
2005.01.10 15:43 B C:\Aardvark\whdata\whidx.js --> magnatar.powweb.com /htdocs/WebFDMS/whdata whidx.js
2005.01.10 15:43 B C:\Aardvark\whdata\whidx.xml --> magnatar.powweb.com /htdocs/WebFDMS/whdata whidx.xml
2005.01.10 15:43 B C:\Aardvark\whdata\whtdata.js --> magnatar.powweb.com /htdocs/WebFDMS/whdata whtdata.js
2005.01.10 15:43 B C:\Aardvark\whdata\whtdata0.htm --> magnatar.powweb.com /htdocs/WebFDMS/whdata whtdata0.htm
2005.01.10 15:43 B C:\Aardvark\whdata\whtdata0.xml --> magnatar.powweb.com /htdocs/WebFDMS/whdata whtdata0.xml
2005.01.10 15:43 B C:\Aardvark\whdata\whtoc.htm --> magnatar.powweb.com /htdocs/WebFDMS/whdata whtoc.htm
2005.01.10 15:43 B C:\Aardvark\whdata\whtoc.js --> magnatar.powweb.com /htdocs/WebFDMS/whdata whtoc.js
2005.01.10 15:43 B C:\Aardvark\whdata\whtoc.xml --> magnatar.powweb.com /htdocs/WebFDMS/whdata whtoc.xml
2005.01.10 15:43 B C:\Aardvark\whdata\WS_FTP.LOG --> magnatar.powweb.com /htdocs/WebFDMS/whdata WS_FTP.LOG
2005.01.12 16:47 B C:\Aardvark\whdata\whftdata.js --> magnatar.powweb.com /htdocs/WebFDMS/whdata whftdata.js
2005.01.12 16:47 B C:\Aardvark\whdata\whftdata0.htm --> magnatar.powweb.com /htdocs/WebFDMS/whdata whftdata0.htm
2005.01.12 16:47 B C:\Aardvark\whdata\whftdata0.xml --> magnatar.powweb.com /htdocs/WebFDMS/whdata whftdata0.xml
2005.01.12 16:47 B C:\Aardvark\whdata\whfts.htm --> magnatar.powweb.com /htdocs/WebFDMS/whdata whfts.htm
2005.01.12 16:47 B C:\Aardvark\whdata\whfts.js --> magnatar.powweb.com /htdocs/WebFDMS/whdata whfts.js
2005.01.12 16:47 B C:\Aardvark\whdata\whfts.xml --> magnatar.powweb.com /htdocs/WebFDMS/whdata whfts.xml
2005.01.12 16:47 B C:\Aardvark\whdata\whfwdata.js --> magnatar.powweb.com /htdocs/WebFDMS/whdata whfwdata.js
2005.01.12 16:47 B C:\Aardvark\whdata\whfwdata0.htm --> magnatar.powweb.com /htdocs/WebFDMS/whdata whfwdata0.htm
2005.01.12 16:47 B C:\Aardvark\whdata\whfwdata0.xml --> magnatar.powweb.com /htdocs/WebFDMS/whdata whfwdata0.xml
2005.01.12 16:47 B C:\Aardvark\whdata\whfwdata1.htm --> magnatar.powweb.com /htdocs/WebFDMS/whdata whfwdata1.htm
2005.01.12 16:47 B C:\Aardvark\whdata\whfwdata1.xml --> magnatar.powweb.com /htdocs/WebFDMS/whdata whfwdata1.xml
2005.01.12 16:47 B C:\Aardvark\whdata\whfwdata2.htm --> magnatar.powweb.com /htdocs/WebFDMS/whdata whfwdata2.htm
2005.01.12 16:47 B C:\Aardvark\whdata\whfwdata2.xml --> magnatar.powweb.com /htdocs/WebFDMS/whdata whfwdata2.xml
2005.01.12 16:47 B C:\Aardvark\whdata\whfwdata3.htm --> magnatar.powweb.com /htdocs/WebFDMS/whdata whfwdata3.htm
2005.01.12 16:48 B C:\Aardvark\whdata\whfwdata3.xml --> magnatar.powweb.com /htdocs/WebFDMS/whdata whfwdata3.xml
2005.01.12 16:48 B C:\Aardvark\whdata\whgdata.js --> magnatar.powweb.com /htdocs/WebFDMS/whdata whgdata.js
2005.01.12 16:48 B C:\Aardvark\whdata\whglo.htm --> magnatar.powweb.com /htdocs/WebFDMS/whdata whglo.htm
2005.01.12 16:48 B C:\Aardvark\whdata\whglo.js --> magnatar.powweb.com /htdocs/WebFDMS/whdata whglo.js
2005.01.12 16:48 B C:\Aardvark\whdata\whglo.xml --> magnatar.powweb.com /htdocs/WebFDMS/whdata whglo.xml
2005.01.12 16:48 B C:\Aardvark\whdata\whidata.js --> magnatar.powweb.com /htdocs/WebFDMS/whdata whidata.js
2005.01.12 16:48 B C:\Aardvark\whdata\whidx.htm --> magnatar.powweb.com /htdocs/WebFDMS/whdata whidx.htm
2005.01.12 16:48 B C:\Aardvark\whdata\whidx.js --> magnatar.powweb.com /htdocs/WebFDMS/whdata whidx.js
2005.01.12 16:48 B C:\Aardvark\whdata\whidx.xml --> magnatar.powweb.com /htdocs/WebFDMS/whdata whidx.xml
2005.01.12 16:48 B C:\Aardvark\whdata\whtdata.js --> magnatar.powweb.com /htdocs/WebFDMS/whdata whtdata.js
2005.01.12 16:48 B C:\Aardvark\whdata\whtdata0.htm --> magnatar.powweb.com /htdocs/WebFDMS/whdata whtdata0.htm
2005.01.12 16:48 B C:\Aardvark\whdata\whtdata0.xml --> magnatar.powweb.com /htdocs/WebFDMS/whdata whtdata0.xml
2005.01.12 16:48 B C:\Aardvark\whdata\whtoc.htm --> magnatar.powweb.com /htdocs/WebFDMS/whdata whtoc.htm
2005.01.12 16:48 B C:\Aardvark\whdata\whtoc.js --> magnatar.powweb.com /htdocs/WebFDMS/whdata whtoc.js
2005.01.12 16:48 B C:\Aardvark\whdata\whtoc.xml --> magnatar.powweb.com /htdocs/WebFDMS/whdata whtoc.xml
2005.01.12 16:48 B C:\Aardvark\whdata\WS_FTP.LOG --> magnatar.powweb.com /htdocs/WebFDMS/whdata WS_FTP.LOG
2005.01.16 15:48 B C:\Aardvark\whdata\WS_FTP.LOG --> magnatar.powweb.com /htdocs/WebFDMS/whdata WS_FTP.LOG
2005.01.16 15:48 B C:\Aardvark\whdata\whftdata.js --> magnatar.powweb.com /htdocs/WebFDMS/whdata whftdata.js
2005.01.16 15:48 B C:\Aardvark\whdata\whftdata0.htm --> magnatar.powweb.com /htdocs/WebFDMS/whdata whftdata0.htm
2005.01.16 15:48 B C:\Aardvark\whdata\whftdata0.xml --> magnatar.powweb.com /htdocs/WebFDMS/whdata whftdata0.xml
2005.01.16 15:48 B C:\Aardvark\whdata\whfts.htm --> magnatar.powweb.com /htdocs/WebFDMS/whdata whfts.htm
2005.01.16 15:48 B C:\Aardvark\whdata\whfts.js --> magnatar.powweb.com /htdocs/WebFDMS/whdata whfts.js
2005.01.16 15:49 B C:\Aardvark\whdata\whfts.xml --> magnatar.powweb.com /htdocs/WebFDMS/whdata whfts.xml
2005.01.16 15:49 B C:\Aardvark\whdata\whfwdata.js --> magnatar.powweb.com /htdocs/WebFDMS/whdata whfwdata.js
2005.01.16 15:49 B C:\Aardvark\whdata\whfwdata0.htm --> magnatar.powweb.com /htdocs/WebFDMS/whdata whfwdata0.htm
2005.01.16 15:49 B C:\Aardvark\whdata\whfwdata0.xml --> magnatar.powweb.com /htdocs/WebFDMS/whdata whfwdata0.xml
2005.01.16 15:49 B C:\Aardvark\whdata\whfwdata1.htm --> magnatar.powweb.com /htdocs/WebFDMS/whdata whfwdata1.htm
2005.01.16 15:49 B C:\Aardvark\whdata\whfwdata1.xml --> magnatar.powweb.com /htdocs/WebFDMS/whdata whfwdata1.xml
2005.01.16 15:49 B C:\Aardvark\whdata\whfwdata2.htm --> magnatar.powweb.com /htdocs/WebFDMS/whdata whfwdata2.htm
2005.01.16 15:49 B C:\Aardvark\whdata\whfwdata2.xml --> magnatar.powweb.com /htdocs/WebFDMS/whdata whfwdata2.xml
2005.01.16 15:49 B C:\Aardvark\whdata\whfwdata3.htm --> magnatar.powweb.com /htdocs/WebFDMS/whdata whfwdata3.htm
2005.01.16 15:49 B C:\Aardvark\whdata\whfwdata3.xml --> magnatar.powweb.com /htdocs/WebFDMS/whdata whfwdata3.xml
2005.01.16 15:49 B C:\Aardvark\whdata\whgdata.js --> magnatar.powweb.com /htdocs/WebFDMS/whdata whgdata.js
2005.01.16 15:49 B C:\Aardvark\whdata\whglo.htm --> magnatar.powweb.com /htdocs/WebFDMS/whdata whglo.htm
2005.01.16 15:49 B C:\Aardvark\whdata\whglo.js --> magnatar.powweb.com /htdocs/WebFDMS/whdata whglo.js
2005.01.16 15:49 B C:\Aardvark\whdata\whglo.xml --> magnatar.powweb.com /htdocs/WebFDMS/whdata whglo.xml
2005.01.16 15:49 B C:\Aardvark\whdata\whidata.js --> magnatar.powweb.com /htdocs/WebFDMS/whdata whidata.js
2005.01.16 15:49 B C:\Aardvark\whdata\whidx.htm --> magnatar.powweb.com /htdocs/WebFDMS/whdata whidx.htm
2005.01.16 15:49 B C:\Aardvark\whdata\whidx.js --> magnatar.powweb.com /htdocs/WebFDMS/whdata whidx.js
2005.01.16 15:49 B C:\Aardvark\whdata\whidx.xml --> magnatar.powweb.com /htdocs/WebFDMS/whdata whidx.xml
2005.01.16 15:49 B C:\Aardvark\whdata\whtdata.js --> magnatar.powweb.com /htdocs/WebFDMS/whdata whtdata.js
2005.01.16 15:49 B C:\Aardvark\whdata\whtdata0.htm --> magnatar.powweb.com /htdocs/WebFDMS/whdata whtdata0.htm
2005.01.16 15:49 B C:\Aardvark\whdata\whtdata0.xml --> magnatar.powweb.com /htdocs/WebFDMS/whdata whtdata0.xml
2005.01.16 15:49 B C:\Aardvark\whdata\whtoc.htm --> magnatar.powweb.com /htdocs/WebFDMS/whdata whtoc.htm
2005.01.16 15:49 B C:\Aardvark\whdata\whtoc.js --> magnatar.powweb.com /htdocs/WebFDMS/whdata whtoc.js
2005.01.16 15:49 B C:\Aardvark\whdata\whtoc.xml --> magnatar.powweb.com /htdocs/WebFDMS/whdata whtoc.xml
2005.01.17 12:33 B C:\Aardvark\whdata\whftdata.js --> magnatar.powweb.com /htdocs/WebFDMS/whdata whftdata.js
2005.01.17 12:33 B C:\Aardvark\whdata\whftdata0.htm --> magnatar.powweb.com /htdocs/WebFDMS/whdata whftdata0.htm
2005.01.17 12:33 B C:\Aardvark\whdata\whftdata0.xml --> magnatar.powweb.com /htdocs/WebFDMS/whdata whftdata0.xml
2005.01.17 12:33 B C:\Aardvark\whdata\whfts.htm --> magnatar.powweb.com /htdocs/WebFDMS/whdata whfts.htm
2005.01.17 12:33 B C:\Aardvark\whdata\whfts.js --> magnatar.powweb.com /htdocs/WebFDMS/whdata whfts.js
2005.01.17 12:33 B C:\Aardvark\whdata\whfts.xml --> magnatar.powweb.com /htdocs/WebFDMS/whdata whfts.xml
2005.01.17 12:33 B C:\Aardvark\whdata\whfwdata.js --> magnatar.powweb.com /htdocs/WebFDMS/whdata whfwdata.js
2005.01.17 12:33 B C:\Aardvark\whdata\whfwdata0.htm --> magnatar.powweb.com /htdocs/WebFDMS/whdata whfwdata0.htm
2005.01.17 12:33 B C:\Aardvark\whdata\whfwdata0.xml --> magnatar.powweb.com /htdocs/WebFDMS/whdata whfwdata0.xml
2005.01.17 12:33 B C:\Aardvark\whdata\whfwdata1.htm --> magnatar.powweb.com /htdocs/WebFDMS/whdata whfwdata1.htm
2005.01.17 12:33 B C:\Aardvark\whdata\whfwdata1.xml --> magnatar.powweb.com /htdocs/WebFDMS/whdata whfwdata1.xml
2005.01.17 12:33 B C:\Aardvark\whdata\whfwdata2.htm --> magnatar.powweb.com /htdocs/WebFDMS/whdata whfwdata2.htm
2005.01.17 12:33 B C:\Aardvark\whdata\whfwdata2.xml --> magnatar.powweb.com /htdocs/WebFDMS/whdata whfwdata2.xml
2005.01.17 12:33 B C:\Aardvark\whdata\whfwdata3.htm --> magnatar.powweb.com /htdocs/WebFDMS/whdata whfwdata3.htm
2005.01.17 12:33 B C:\Aardvark\whdata\whfwdata3.xml --> magnatar.powweb.com /htdocs/WebFDMS/whdata whfwdata3.xml
2005.01.17 12:33 B C:\Aardvark\whdata\whfwdata4.htm --> magnatar.powweb.com /htdocs/WebFDMS/whdata whfwdata4.htm
2005.01.17 12:33 B C:\Aardvark\whdata\whfwdata4.xml --> magnatar.powweb.com /htdocs/WebFDMS/whdata whfwdata4.xml
2005.01.17 12:33 B C:\Aardvark\whdata\whgdata.js --> magnatar.powweb.com /htdocs/WebFDMS/whdata whgdata.js
2005.01.17 12:33 B C:\Aardvark\whdata\whglo.htm --> magnatar.powweb.com /htdocs/WebFDMS/whdata whglo.htm
2005.01.17 12:33 B C:\Aardvark\whdata\whglo.js --> magnatar.powweb.com /htdocs/WebFDMS/whdata whglo.js
2005.01.17 12:33 B C:\Aardvark\whdata\whglo.xml --> magnatar.powweb.com /htdocs/WebFDMS/whdata whglo.xml
2005.01.17 12:33 B C:\Aardvark\whdata\whidata.js --> magnatar.powweb.com /htdocs/WebFDMS/whdata whidata.js
2005.01.17 12:33 B C:\Aardvark\whdata\whidx.htm --> magnatar.powweb.com /htdocs/WebFDMS/whdata whidx.htm
2005.01.17 12:33 B C:\Aardvark\whdata\whidx.js --> magnatar.powweb.com /htdocs/WebFDMS/whdata whidx.js
2005.01.17 12:33 B C:\Aardvark\whdata\whidx.xml --> magnatar.powweb.com /htdocs/WebFDMS/whdata whidx.xml
2005.01.17 12:34 B C:\Aardvark\whdata\whtdata.js --> magnatar.powweb.com /htdocs/WebFDMS/whdata whtdata.js
2005.01.17 12:34 B C:\Aardvark\whdata\whtdata0.htm --> magnatar.powweb.com /htdocs/WebFDMS/whdata whtdata0.htm
2005.01.17 12:34 B C:\Aardvark\whdata\whtdata0.xml --> magnatar.powweb.com /htdocs/WebFDMS/whdata whtdata0.xml
2005.01.17 12:34 B C:\Aardvark\whdata\whtoc.htm --> magnatar.powweb.com /htdocs/WebFDMS/whdata whtoc.htm
2005.01.17 12:34 B C:\Aardvark\whdata\whtoc.js --> magnatar.powweb.com /htdocs/WebFDMS/whdata whtoc.js
2005.01.17 12:34 B C:\Aardvark\whdata\whtoc.xml --> magnatar.powweb.com /htdocs/WebFDMS/whdata whtoc.xml
2005.01.17 12:34 B C:\Aardvark\whdata\WS_FTP.LOG --> magnatar.powweb.com /htdocs/WebFDMS/whdata WS_FTP.LOG
2005.01.18 09:18 B C:\Aardvark\whdata\whftdata.js --> magnatar.powweb.com /htdocs/WebFDMS/whdata whftdata.js
2005.01.18 09:18 B C:\Aardvark\whdata\whftdata0.htm --> magnatar.powweb.com /htdocs/WebFDMS/whdata whftdata0.htm
2005.01.18 09:18 B C:\Aardvark\whdata\whftdata0.xml --> magnatar.powweb.com /htdocs/WebFDMS/whdata whftdata0.xml
2005.01.18 09:18 B C:\Aardvark\whdata\whfts.htm --> magnatar.powweb.com /htdocs/WebFDMS/whdata whfts.htm
2005.01.18 09:18 B C:\Aardvark\whdata\whfts.js --> magnatar.powweb.com /htdocs/WebFDMS/whdata whfts.js
2005.01.18 09:18 B C:\Aardvark\whdata\whfts.xml --> magnatar.powweb.com /htdocs/WebFDMS/whdata whfts.xml
2005.01.18 09:18 B C:\Aardvark\whdata\whfwdata.js --> magnatar.powweb.com /htdocs/WebFDMS/whdata whfwdata.js
2005.01.18 09:18 B C:\Aardvark\whdata\whfwdata0.htm --> magnatar.powweb.com /htdocs/WebFDMS/whdata whfwdata0.htm
2005.01.18 09:18 B C:\Aardvark\whdata\whfwdata0.xml --> magnatar.powweb.com /htdocs/WebFDMS/whdata whfwdata0.xml
2005.01.18 09:18 B C:\Aardvark\whdata\whfwdata1.htm --> magnatar.powweb.com /htdocs/WebFDMS/whdata whfwdata1.htm
2005.01.18 09:18 B C:\Aardvark\whdata\whfwdata1.xml --> magnatar.powweb.com /htdocs/WebFDMS/whdata whfwdata1.xml
2005.01.18 09:18 B C:\Aardvark\whdata\whfwdata2.htm --> magnatar.powweb.com /htdocs/WebFDMS/whdata whfwdata2.htm
2005.01.18 09:18 B C:\Aardvark\whdata\whfwdata2.xml --> magnatar.powweb.com /htdocs/WebFDMS/whdata whfwdata2.xml
2005.01.18 09:18 B C:\Aardvark\whdata\whfwdata3.htm --> magnatar.powweb.com /htdocs/WebFDMS/whdata whfwdata3.htm
2005.01.18 09:18 B C:\Aardvark\whdata\whfwdata3.xml --> magnatar.powweb.com /htdocs/WebFDMS/whdata whfwdata3.xml
2005.01.18 09:18 B C:\Aardvark\whdata\whfwdata4.htm --> magnatar.powweb.com /htdocs/WebFDMS/whdata whfwdata4.htm
2005.01.18 09:18 B C:\Aardvark\whdata\whfwdata4.xml --> magnatar.powweb.com /htdocs/WebFDMS/whdata whfwdata4.xml
2005.01.18 09:18 B C:\Aardvark\whdata\whgdata.js --> magnatar.powweb.com /htdocs/WebFDMS/whdata whgdata.js
2005.01.18 09:18 B C:\Aardvark\whdata\whglo.htm --> magnatar.powweb.com /htdocs/WebFDMS/whdata whglo.htm
2005.01.18 09:18 B C:\Aardvark\whdata\whglo.js --> magnatar.powweb.com /htdocs/WebFDMS/whdata whglo.js
2005.01.18 09:18 B C:\Aardvark\whdata\whglo.xml --> magnatar.powweb.com /htdocs/WebFDMS/whdata whglo.xml
2005.01.18 09:18 B C:\Aardvark\whdata\whidata.js --> magnatar.powweb.com /htdocs/WebFDMS/whdata whidata.js
2005.01.18 09:18 B C:\Aardvark\whdata\whidx.htm --> magnatar.powweb.com /htdocs/WebFDMS/whdata whidx.htm
2005.01.18 09:18 B C:\Aardvark\whdata\whidx.js --> magnatar.powweb.com /htdocs/WebFDMS/whdata whidx.js
2005.01.18 09:18 B C:\Aardvark\whdata\whidx.xml --> magnatar.powweb.com /htdocs/WebFDMS/whdata whidx.xml
2005.01.18 09:18 B C:\Aardvark\whdata\whtdata.js --> magnatar.powweb.com /htdocs/WebFDMS/whdata whtdata.js
2005.01.18 09:18 B C:\Aardvark\whdata\whtdata0.htm --> magnatar.powweb.com /htdocs/WebFDMS/whdata whtdata0.htm
2005.01.18 09:18 B C:\Aardvark\whdata\whtdata0.xml --> magnatar.powweb.com /htdocs/WebFDMS/whdata whtdata0.xml
2005.01.18 09:18 B C:\Aardvark\whdata\whtoc.htm --> magnatar.powweb.com /htdocs/WebFDMS/whdata whtoc.htm
2005.01.18 09:18 B C:\Aardvark\whdata\whtoc.js --> magnatar.powweb.com /htdocs/WebFDMS/whdata whtoc.js
2005.01.18 09:18 B C:\Aardvark\whdata\whtoc.xml --> magnatar.powweb.com /htdocs/WebFDMS/whdata whtoc.xml
2005.01.18 09:18 B C:\Aardvark\whdata\WS_FTP.LOG --> magnatar.powweb.com /htdocs/WebFDMS/whdata WS_FTP.LOG
2005.01.18 09:23 B C:\Aardvark\whdata\whftdata.js --> magnatar.powweb.com /htdocs/WebFDMS/whdata whftdata.js
2005.01.18 09:23 B C:\Aardvark\whdata\whftdata0.htm --> magnatar.powweb.com /htdocs/WebFDMS/whdata whftdata0.htm
2005.01.18 09:23 B C:\Aardvark\whdata\whftdata0.xml --> magnatar.powweb.com /htdocs/WebFDMS/whdata whftdata0.xml
2005.01.18 09:23 B C:\Aardvark\whdata\whfts.htm --> magnatar.powweb.com /htdocs/WebFDMS/whdata whfts.htm
2005.01.18 09:23 B C:\Aardvark\whdata\whfts.js --> magnatar.powweb.com /htdocs/WebFDMS/whdata whfts.js
2005.01.18 09:23 B C:\Aardvark\whdata\whfts.xml --> magnatar.powweb.com /htdocs/WebFDMS/whdata whfts.xml
2005.01.18 09:23 B C:\Aardvark\whdata\whfwdata.js --> magnatar.powweb.com /htdocs/WebFDMS/whdata whfwdata.js
2005.01.18 09:23 B C:\Aardvark\whdata\whfwdata0.htm --> magnatar.powweb.com /htdocs/WebFDMS/whdata whfwdata0.htm
2005.01.18 09:23 B C:\Aardvark\whdata\whfwdata0.xml --> magnatar.powweb.com /htdocs/WebFDMS/whdata whfwdata0.xml
2005.01.18 09:23 B C:\Aardvark\whdata\whfwdata1.htm --> magnatar.powweb.com /htdocs/WebFDMS/whdata whfwdata1.htm
2005.01.18 09:23 B C:\Aardvark\whdata\whfwdata1.xml --> magnatar.powweb.com /htdocs/WebFDMS/whdata whfwdata1.xml
2005.01.18 09:23 B C:\Aardvark\whdata\whfwdata2.htm --> magnatar.powweb.com /htdocs/WebFDMS/whdata whfwdata2.htm
2005.01.18 09:23 B C:\Aardvark\whdata\whfwdata2.xml --> magnatar.powweb.com /htdocs/WebFDMS/whdata whfwdata2.xml
2005.01.18 09:23 B C:\Aardvark\whdata\whfwdata3.htm --> magnatar.powweb.com /htdocs/WebFDMS/whdata whfwdata3.htm
2005.01.18 09:23 B C:\Aardvark\whdata\whfwdata3.xml --> magnatar.powweb.com /htdocs/WebFDMS/whdata whfwdata3.xml
2005.01.18 09:23 B C:\Aardvark\whdata\whfwdata4.htm --> magnatar.powweb.com /htdocs/WebFDMS/whdata whfwdata4.htm
2005.01.18 09:23 B C:\Aardvark\whdata\whfwdata4.xml --> magnatar.powweb.com /htdocs/WebFDMS/whdata whfwdata4.xml
2005.01.18 09:23 B C:\Aardvark\whdata\whgdata.js --> magnatar.powweb.com /htdocs/WebFDMS/whdata whgdata.js
2005.01.18 09:23 B C:\Aardvark\whdata\whglo.htm --> magnatar.powweb.com /htdocs/WebFDMS/whdata whglo.htm
2005.01.18 09:23 B C:\Aardvark\whdata\whglo.js --> magnatar.powweb.com /htdocs/WebFDMS/whdata whglo.js
2005.01.18 09:23 B C:\Aardvark\whdata\whglo.xml --> magnatar.powweb.com /htdocs/WebFDMS/whdata whglo.xml
2005.01.18 09:23 B C:\Aardvark\whdata\whidata.js --> magnatar.powweb.com /htdocs/WebFDMS/whdata whidata.js
2005.01.18 09:23 B C:\Aardvark\whdata\whidx.htm --> magnatar.powweb.com /htdocs/WebFDMS/whdata whidx.htm
2005.01.18 09:23 B C:\Aardvark\whdata\whidx.js --> magnatar.powweb.com /htdocs/WebFDMS/whdata whidx.js
2005.01.18 09:23 B C:\Aardvark\whdata\whidx.xml --> magnatar.powweb.com /htdocs/WebFDMS/whdata whidx.xml
2005.01.18 09:23 B C:\Aardvark\whdata\whtdata.js --> magnatar.powweb.com /htdocs/WebFDMS/whdata whtdata.js
2005.01.18 09:23 B C:\Aardvark\whdata\whtdata0.htm --> magnatar.powweb.com /htdocs/WebFDMS/whdata whtdata0.htm
2005.01.18 09:23 B C:\Aardvark\whdata\whtdata0.xml --> magnatar.powweb.com /htdocs/WebFDMS/whdata whtdata0.xml
2005.01.18 09:23 B C:\Aardvark\whdata\whtoc.htm --> magnatar.powweb.com /htdocs/WebFDMS/whdata whtoc.htm
2005.01.18 09:23 B C:\Aardvark\whdata\whtoc.js --> magnatar.powweb.com /htdocs/WebFDMS/whdata whtoc.js
2005.01.18 09:23 B C:\Aardvark\whdata\whtoc.xml --> magnatar.powweb.com /htdocs/WebFDMS/whdata whtoc.xml
2005.01.18 09:23 B C:\Aardvark\whdata\WS_FTP.LOG --> magnatar.powweb.com /htdocs/WebFDMS/whdata WS_FTP.LOG
2005.01.19 12:31 B C:\Aardvark\whdata\whftdata.js --> magnatar.powweb.com /htdocs/WebFDMS/whdata whftdata.js
2005.01.19 12:31 B C:\Aardvark\whdata\whftdata0.htm --> magnatar.powweb.com /htdocs/WebFDMS/whdata whftdata0.htm
2005.01.19 12:31 B C:\Aardvark\whdata\whftdata0.xml --> magnatar.powweb.com /htdocs/WebFDMS/whdata whftdata0.xml
2005.01.19 12:31 B C:\Aardvark\whdata\whfts.htm --> magnatar.powweb.com /htdocs/WebFDMS/whdata whfts.htm
2005.01.19 12:31 B C:\Aardvark\whdata\whfts.js --> magnatar.powweb.com /htdocs/WebFDMS/whdata whfts.js
2005.01.19 12:31 B C:\Aardvark\whdata\whfts.xml --> magnatar.powweb.com /htdocs/WebFDMS/whdata whfts.xml
2005.01.19 12:31 B C:\Aardvark\whdata\whfwdata.js --> magnatar.powweb.com /htdocs/WebFDMS/whdata whfwdata.js
2005.01.19 12:31 B C:\Aardvark\whdata\whfwdata0.htm --> magnatar.powweb.com /htdocs/WebFDMS/whdata whfwdata0.htm
2005.01.19 12:31 B C:\Aardvark\whdata\whfwdata0.xml --> magnatar.powweb.com /htdocs/WebFDMS/whdata whfwdata0.xml
2005.01.19 12:31 B C:\Aardvark\whdata\whfwdata1.htm --> magnatar.powweb.com /htdocs/WebFDMS/whdata whfwdata1.htm
2005.01.19 12:31 B C:\Aardvark\whdata\whfwdata1.xml --> magnatar.powweb.com /htdocs/WebFDMS/whdata whfwdata1.xml
2005.01.19 12:31 B C:\Aardvark\whdata\whfwdata2.htm --> magnatar.powweb.com /htdocs/WebFDMS/whdata whfwdata2.htm
2005.01.19 12:31 B C:\Aardvark\whdata\whfwdata2.xml --> magnatar.powweb.com /htdocs/WebFDMS/whdata whfwdata2.xml
2005.01.19 12:31 B C:\Aardvark\whdata\whfwdata3.htm --> magnatar.powweb.com /htdocs/WebFDMS/whdata whfwdata3.htm
2005.01.19 12:31 B C:\Aardvark\whdata\whfwdata3.xml --> magnatar.powweb.com /htdocs/WebFDMS/whdata whfwdata3.xml
2005.01.19 12:31 B C:\Aardvark\whdata\whfwdata4.htm --> magnatar.powweb.com /htdocs/WebFDMS/whdata whfwdata4.htm
2005.01.19 12:31 B C:\Aardvark\whdata\whfwdata4.xml --> magnatar.powweb.com /htdocs/WebFDMS/whdata whfwdata4.xml
2005.01.19 12:31 B C:\Aardvark\whdata\whgdata.js --> magnatar.powweb.com /htdocs/WebFDMS/whdata whgdata.js
2005.01.19 12:31 B C:\Aardvark\whdata\whglo.htm --> magnatar.powweb.com /htdocs/WebFDMS/whdata whglo.htm
2005.01.19 12:31 B C:\Aardvark\whdata\whglo.js --> magnatar.powweb.com /htdocs/WebFDMS/whdata whglo.js
2005.01.19 12:31 B C:\Aardvark\whdata\whglo.xml --> magnatar.powweb.com /htdocs/WebFDMS/whdata whglo.xml
2005.01.19 12:31 B C:\Aardvark\whdata\whidata.js --> magnatar.powweb.com /htdocs/WebFDMS/whdata whidata.js
2005.01.19 12:31 B C:\Aardvark\whdata\whidx.htm --> magnatar.powweb.com /htdocs/WebFDMS/whdata whidx.htm
2005.01.19 12:31 B C:\Aardvark\whdata\whidx.js --> magnatar.powweb.com /htdocs/WebFDMS/whdata whidx.js
2005.01.19 12:31 B C:\Aardvark\whdata\whidx.xml --> magnatar.powweb.com /htdocs/WebFDMS/whdata whidx.xml
2005.01.19 12:31 B C:\Aardvark\whdata\whtdata.js --> magnatar.powweb.com /htdocs/WebFDMS/whdata whtdata.js
2005.01.19 12:31 B C:\Aardvark\whdata\whtdata0.htm --> magnatar.powweb.com /htdocs/WebFDMS/whdata whtdata0.htm
2005.01.19 12:32 B C:\Aardvark\whdata\whtdata0.xml --> magnatar.powweb.com /htdocs/WebFDMS/whdata whtdata0.xml
2005.01.19 12:32 B C:\Aardvark\whdata\whtoc.htm --> magnatar.powweb.com /htdocs/WebFDMS/whdata whtoc.htm
2005.01.19 12:32 B C:\Aardvark\whdata\whtoc.js --> magnatar.powweb.com /htdocs/WebFDMS/whdata whtoc.js
2005.01.19 12:32 B C:\Aardvark\whdata\whtoc.xml --> magnatar.powweb.com /htdocs/WebFDMS/whdata whtoc.xml
2005.01.19 12:32 B C:\Aardvark\whdata\WS_FTP.LOG --> magnatar.powweb.com /htdocs/WebFDMS/whdata WS_FTP.LOG
2005.01.19 12:50 B C:\Aardvark\whdata\whftdata.js --> magnatar.powweb.com /htdocs/WebFDMS/whdata whftdata.js
2005.01.19 12:50 B C:\Aardvark\whdata\whftdata0.htm --> magnatar.powweb.com /htdocs/WebFDMS/whdata whftdata0.htm
2005.01.19 12:50 B C:\Aardvark\whdata\whftdata0.xml --> magnatar.powweb.com /htdocs/WebFDMS/whdata whftdata0.xml
2005.01.19 12:50 B C:\Aardvark\whdata\whfts.htm --> magnatar.powweb.com /htdocs/WebFDMS/whdata whfts.htm
2005.01.19 12:50 B C:\Aardvark\whdata\whfts.js --> magnatar.powweb.com /htdocs/WebFDMS/whdata whfts.js
2005.01.19 12:50 B C:\Aardvark\whdata\whfts.xml --> magnatar.powweb.com /htdocs/WebFDMS/whdata whfts.xml
2005.01.19 12:50 B C:\Aardvark\whdata\whfwdata.js --> magnatar.powweb.com /htdocs/WebFDMS/whdata whfwdata.js
2005.01.19 12:50 B C:\Aardvark\whdata\whfwdata0.htm --> magnatar.powweb.com /htdocs/WebFDMS/whdata whfwdata0.htm
2005.01.19 12:50 B C:\Aardvark\whdata\whfwdata0.xml --> magnatar.powweb.com /htdocs/WebFDMS/whdata whfwdata0.xml
2005.01.19 12:50 B C:\Aardvark\whdata\whfwdata1.htm --> magnatar.powweb.com /htdocs/WebFDMS/whdata whfwdata1.htm
2005.01.19 12:51 B C:\Aardvark\whdata\whfwdata1.xml --> magnatar.powweb.com /htdocs/WebFDMS/whdata whfwdata1.xml
2005.01.19 12:51 B C:\Aardvark\whdata\whfwdata2.htm --> magnatar.powweb.com /htdocs/WebFDMS/whdata whfwdata2.htm
2005.01.19 12:51 B C:\Aardvark\whdata\whfwdata2.xml --> magnatar.powweb.com /htdocs/WebFDMS/whdata whfwdata2.xml
2005.01.19 12:51 B C:\Aardvark\whdata\whfwdata3.htm --> magnatar.powweb.com /htdocs/WebFDMS/whdata whfwdata3.htm
2005.01.19 12:51 B C:\Aardvark\whdata\whfwdata3.xml --> magnatar.powweb.com /htdocs/WebFDMS/whdata whfwdata3.xml
2005.01.19 12:51 B C:\Aardvark\whdata\whfwdata4.htm --> magnatar.powweb.com /htdocs/WebFDMS/whdata whfwdata4.htm
2005.01.19 12:51 B C:\Aardvark\whdata\whfwdata4.xml --> magnatar.powweb.com /htdocs/WebFDMS/whdata whfwdata4.xml
2005.01.19 12:51 B C:\Aardvark\whdata\whgdata.js --> magnatar.powweb.com /htdocs/WebFDMS/whdata whgdata.js
2005.01.19 12:51 B C:\Aardvark\whdata\whglo.htm --> magnatar.powweb.com /htdocs/WebFDMS/whdata whglo.htm
2005.01.19 12:51 B C:\Aardvark\whdata\whglo.js --> magnatar.powweb.com /htdocs/WebFDMS/whdata whglo.js
2005.01.19 12:51 B C:\Aardvark\whdata\whglo.xml --> magnatar.powweb.com /htdocs/WebFDMS/whdata whglo.xml
2005.01.19 12:51 B C:\Aardvark\whdata\whidata.js --> magnatar.powweb.com /htdocs/WebFDMS/whdata whidata.js
2005.01.19 12:51 B C:\Aardvark\whdata\whidx.htm --> magnatar.powweb.com /htdocs/WebFDMS/whdata whidx.htm
2005.01.19 12:51 B C:\Aardvark\whdata\whidx.js --> magnatar.powweb.com /htdocs/WebFDMS/whdata whidx.js
2005.01.19 12:51 B C:\Aardvark\whdata\whidx.xml --> magnatar.powweb.com /htdocs/WebFDMS/whdata whidx.xml
2005.01.19 12:51 B C:\Aardvark\whdata\whtdata.js --> magnatar.powweb.com /htdocs/WebFDMS/whdata whtdata.js
2005.01.19 12:51 B C:\Aardvark\whdata\whtdata0.htm --> magnatar.powweb.com /htdocs/WebFDMS/whdata whtdata0.htm
2005.01.19 12:51 B C:\Aardvark\whdata\whtdata0.xml --> magnatar.powweb.com /htdocs/WebFDMS/whdata whtdata0.xml
2005.01.19 12:51 B C:\Aardvark\whdata\whtoc.htm --> magnatar.powweb.com /htdocs/WebFDMS/whdata whtoc.htm
2005.01.19 12:51 B C:\Aardvark\whdata\whtoc.js --> magnatar.powweb.com /htdocs/WebFDMS/whdata whtoc.js
2005.01.19 12:51 B C:\Aardvark\whdata\whtoc.xml --> magnatar.powweb.com /htdocs/WebFDMS/whdata whtoc.xml
2005.01.19 12:51 B C:\Aardvark\whdata\WS_FTP.LOG --> magnatar.powweb.com /htdocs/WebFDMS/whdata WS_FTP.LOG
