2005.01.07 17:20 B C:\Aardvark\whgdata\whexpbar.gif --> magnatar.powweb.com /htdocs/WebFDMS/whgdata whexpbar.gif
2005.01.07 17:20 B C:\Aardvark\whgdata\whlstf0.htm --> magnatar.powweb.com /htdocs/WebFDMS/whgdata whlstf0.htm
2005.01.07 17:20 B C:\Aardvark\whgdata\whlstf1.htm --> magnatar.powweb.com /htdocs/WebFDMS/whgdata whlstf1.htm
2005.01.07 17:20 B C:\Aardvark\whgdata\whlstf2.htm --> magnatar.powweb.com /htdocs/WebFDMS/whgdata whlstf2.htm
2005.01.07 17:20 B C:\Aardvark\whgdata\whlstf3.htm --> magnatar.powweb.com /htdocs/WebFDMS/whgdata whlstf3.htm
2005.01.07 17:20 B C:\Aardvark\whgdata\whlstf4.htm --> magnatar.powweb.com /htdocs/WebFDMS/whgdata whlstf4.htm
2005.01.07 17:20 B C:\Aardvark\whgdata\whlstf5.htm --> magnatar.powweb.com /htdocs/WebFDMS/whgdata whlstf5.htm
2005.01.07 17:20 B C:\Aardvark\whgdata\whlstf6.htm --> magnatar.powweb.com /htdocs/WebFDMS/whgdata whlstf6.htm
2005.01.07 17:20 B C:\Aardvark\whgdata\whlstfl0.htm --> magnatar.powweb.com /htdocs/WebFDMS/whgdata whlstfl0.htm
2005.01.07 17:20 B C:\Aardvark\whgdata\whlstfl1.htm --> magnatar.powweb.com /htdocs/WebFDMS/whgdata whlstfl1.htm
2005.01.07 17:20 B C:\Aardvark\whgdata\whlstfl10.htm --> magnatar.powweb.com /htdocs/WebFDMS/whgdata whlstfl10.htm
2005.01.07 17:20 B C:\Aardvark\whgdata\whlstfl11.htm --> magnatar.powweb.com /htdocs/WebFDMS/whgdata whlstfl11.htm
2005.01.07 17:20 B C:\Aardvark\whgdata\whlstfl12.htm --> magnatar.powweb.com /htdocs/WebFDMS/whgdata whlstfl12.htm
2005.01.07 17:20 B C:\Aardvark\whgdata\whlstfl13.htm --> magnatar.powweb.com /htdocs/WebFDMS/whgdata whlstfl13.htm
2005.01.07 17:20 B C:\Aardvark\whgdata\whlstfl14.htm --> magnatar.powweb.com /htdocs/WebFDMS/whgdata whlstfl14.htm
2005.01.07 17:20 B C:\Aardvark\whgdata\whlstfl15.htm --> magnatar.powweb.com /htdocs/WebFDMS/whgdata whlstfl15.htm
2005.01.07 17:20 B C:\Aardvark\whgdata\whlstfl16.htm --> magnatar.powweb.com /htdocs/WebFDMS/whgdata whlstfl16.htm
2005.01.07 17:20 B C:\Aardvark\whgdata\whlstfl17.htm --> magnatar.powweb.com /htdocs/WebFDMS/whgdata whlstfl17.htm
2005.01.07 17:20 B C:\Aardvark\whgdata\whlstfl18.htm --> magnatar.powweb.com /htdocs/WebFDMS/whgdata whlstfl18.htm
2005.01.07 17:20 B C:\Aardvark\whgdata\whlstfl19.htm --> magnatar.powweb.com /htdocs/WebFDMS/whgdata whlstfl19.htm
2005.01.07 17:20 B C:\Aardvark\whgdata\whlstfl2.htm --> magnatar.powweb.com /htdocs/WebFDMS/whgdata whlstfl2.htm
2005.01.07 17:20 B C:\Aardvark\whgdata\whlstfl20.htm --> magnatar.powweb.com /htdocs/WebFDMS/whgdata whlstfl20.htm
2005.01.07 17:20 B C:\Aardvark\whgdata\whlstfl21.htm --> magnatar.powweb.com /htdocs/WebFDMS/whgdata whlstfl21.htm
2005.01.07 17:20 B C:\Aardvark\whgdata\whlstfl3.htm --> magnatar.powweb.com /htdocs/WebFDMS/whgdata whlstfl3.htm
2005.01.07 17:20 B C:\Aardvark\whgdata\whlstfl4.htm --> magnatar.powweb.com /htdocs/WebFDMS/whgdata whlstfl4.htm
2005.01.07 17:20 B C:\Aardvark\whgdata\whlstfl5.htm --> magnatar.powweb.com /htdocs/WebFDMS/whgdata whlstfl5.htm
2005.01.07 17:20 B C:\Aardvark\whgdata\whlstfl6.htm --> magnatar.powweb.com /htdocs/WebFDMS/whgdata whlstfl6.htm
2005.01.07 17:20 B C:\Aardvark\whgdata\whlstfl7.htm --> magnatar.powweb.com /htdocs/WebFDMS/whgdata whlstfl7.htm
2005.01.07 17:20 B C:\Aardvark\whgdata\whlstfl8.htm --> magnatar.powweb.com /htdocs/WebFDMS/whgdata whlstfl8.htm
2005.01.07 17:20 B C:\Aardvark\whgdata\whlstfl9.htm --> magnatar.powweb.com /htdocs/WebFDMS/whgdata whlstfl9.htm
2005.01.07 17:20 B C:\Aardvark\whgdata\whlstg0.htm --> magnatar.powweb.com /htdocs/WebFDMS/whgdata whlstg0.htm
2005.01.07 17:20 B C:\Aardvark\whgdata\whlsti0.htm --> magnatar.powweb.com /htdocs/WebFDMS/whgdata whlsti0.htm
2005.01.07 17:20 B C:\Aardvark\whgdata\whlstt0.htm --> magnatar.powweb.com /htdocs/WebFDMS/whgdata whlstt0.htm
2005.01.07 17:20 B C:\Aardvark\whgdata\whlstt1.htm --> magnatar.powweb.com /htdocs/WebFDMS/whgdata whlstt1.htm
2005.01.07 17:20 B C:\Aardvark\whgdata\whlstt2.htm --> magnatar.powweb.com /htdocs/WebFDMS/whgdata whlstt2.htm
2005.01.07 17:20 B C:\Aardvark\whgdata\whlstt3.htm --> magnatar.powweb.com /htdocs/WebFDMS/whgdata whlstt3.htm
2005.01.07 17:20 B C:\Aardvark\whgdata\whlstt4.htm --> magnatar.powweb.com /htdocs/WebFDMS/whgdata whlstt4.htm
2005.01.07 17:20 B C:\Aardvark\whgdata\whlstt5.htm --> magnatar.powweb.com /htdocs/WebFDMS/whgdata whlstt5.htm
2005.01.07 17:20 B C:\Aardvark\whgdata\whlstt6.htm --> magnatar.powweb.com /htdocs/WebFDMS/whgdata whlstt6.htm
2005.01.07 17:20 B C:\Aardvark\whgdata\whlstt7.htm --> magnatar.powweb.com /htdocs/WebFDMS/whgdata whlstt7.htm
2005.01.07 17:20 B C:\Aardvark\whgdata\whnvf30.htm --> magnatar.powweb.com /htdocs/WebFDMS/whgdata whnvf30.htm
2005.01.07 17:20 B C:\Aardvark\whgdata\whnvf31.htm --> magnatar.powweb.com /htdocs/WebFDMS/whgdata whnvf31.htm
2005.01.07 17:20 B C:\Aardvark\whgdata\whnvf32.htm --> magnatar.powweb.com /htdocs/WebFDMS/whgdata whnvf32.htm
2005.01.07 17:20 B C:\Aardvark\whgdata\whnvf33.htm --> magnatar.powweb.com /htdocs/WebFDMS/whgdata whnvf33.htm
2005.01.07 17:20 B C:\Aardvark\whgdata\whnvl31.htm --> magnatar.powweb.com /htdocs/WebFDMS/whgdata whnvl31.htm
2005.01.07 17:20 B C:\Aardvark\whgdata\whnvl32.htm --> magnatar.powweb.com /htdocs/WebFDMS/whgdata whnvl32.htm
2005.01.07 17:20 B C:\Aardvark\whgdata\whnvl33.htm --> magnatar.powweb.com /htdocs/WebFDMS/whgdata whnvl33.htm
2005.01.07 17:20 B C:\Aardvark\whgdata\whnvp30.htm --> magnatar.powweb.com /htdocs/WebFDMS/whgdata whnvp30.htm
2005.01.07 17:20 B C:\Aardvark\whgdata\whnvp31.htm --> magnatar.powweb.com /htdocs/WebFDMS/whgdata whnvp31.htm
2005.01.07 17:20 B C:\Aardvark\whgdata\whnvp32.htm --> magnatar.powweb.com /htdocs/WebFDMS/whgdata whnvp32.htm
2005.01.07 17:21 B C:\Aardvark\whgdata\whnvp33.htm --> magnatar.powweb.com /htdocs/WebFDMS/whgdata whnvp33.htm
2005.01.07 17:21 B C:\Aardvark\whgdata\whnvt30.htm --> magnatar.powweb.com /htdocs/WebFDMS/whgdata whnvt30.htm
2005.01.07 17:21 B C:\Aardvark\whgdata\whnvt31.htm --> magnatar.powweb.com /htdocs/WebFDMS/whgdata whnvt31.htm
2005.01.07 17:21 B C:\Aardvark\whgdata\whnvt32.htm --> magnatar.powweb.com /htdocs/WebFDMS/whgdata whnvt32.htm
2005.01.07 17:21 B C:\Aardvark\whgdata\whnvt33.htm --> magnatar.powweb.com /htdocs/WebFDMS/whgdata whnvt33.htm
2005.01.10 15:46 B C:\Aardvark\whgdata\whexpbar.gif --> magnatar.powweb.com /htdocs/WebFDMS/whgdata whexpbar.gif
2005.01.10 15:46 B C:\Aardvark\whgdata\whlstf0.htm --> magnatar.powweb.com /htdocs/WebFDMS/whgdata whlstf0.htm
2005.01.10 15:46 B C:\Aardvark\whgdata\whlstf1.htm --> magnatar.powweb.com /htdocs/WebFDMS/whgdata whlstf1.htm
2005.01.10 15:46 B C:\Aardvark\whgdata\whlstf2.htm --> magnatar.powweb.com /htdocs/WebFDMS/whgdata whlstf2.htm
2005.01.10 15:46 B C:\Aardvark\whgdata\whlstf3.htm --> magnatar.powweb.com /htdocs/WebFDMS/whgdata whlstf3.htm
2005.01.10 15:46 B C:\Aardvark\whgdata\whlstf4.htm --> magnatar.powweb.com /htdocs/WebFDMS/whgdata whlstf4.htm
2005.01.10 15:46 B C:\Aardvark\whgdata\whlstf5.htm --> magnatar.powweb.com /htdocs/WebFDMS/whgdata whlstf5.htm
2005.01.10 15:46 B C:\Aardvark\whgdata\whlstf6.htm --> magnatar.powweb.com /htdocs/WebFDMS/whgdata whlstf6.htm
2005.01.10 15:46 B C:\Aardvark\whgdata\whlstf7.htm --> magnatar.powweb.com /htdocs/WebFDMS/whgdata whlstf7.htm
2005.01.10 15:46 B C:\Aardvark\whgdata\whlstfl0.htm --> magnatar.powweb.com /htdocs/WebFDMS/whgdata whlstfl0.htm
2005.01.10 15:46 B C:\Aardvark\whgdata\whlstfl1.htm --> magnatar.powweb.com /htdocs/WebFDMS/whgdata whlstfl1.htm
2005.01.10 15:46 B C:\Aardvark\whgdata\whlstfl10.htm --> magnatar.powweb.com /htdocs/WebFDMS/whgdata whlstfl10.htm
2005.01.10 15:46 B C:\Aardvark\whgdata\whlstfl11.htm --> magnatar.powweb.com /htdocs/WebFDMS/whgdata whlstfl11.htm
2005.01.10 15:46 B C:\Aardvark\whgdata\whlstfl12.htm --> magnatar.powweb.com /htdocs/WebFDMS/whgdata whlstfl12.htm
2005.01.10 15:46 B C:\Aardvark\whgdata\whlstfl13.htm --> magnatar.powweb.com /htdocs/WebFDMS/whgdata whlstfl13.htm
2005.01.10 15:46 B C:\Aardvark\whgdata\whlstfl14.htm --> magnatar.powweb.com /htdocs/WebFDMS/whgdata whlstfl14.htm
2005.01.10 15:46 B C:\Aardvark\whgdata\whlstfl15.htm --> magnatar.powweb.com /htdocs/WebFDMS/whgdata whlstfl15.htm
2005.01.10 15:46 B C:\Aardvark\whgdata\whlstfl16.htm --> magnatar.powweb.com /htdocs/WebFDMS/whgdata whlstfl16.htm
2005.01.10 15:46 B C:\Aardvark\whgdata\whlstfl17.htm --> magnatar.powweb.com /htdocs/WebFDMS/whgdata whlstfl17.htm
2005.01.10 15:46 B C:\Aardvark\whgdata\whlstfl18.htm --> magnatar.powweb.com /htdocs/WebFDMS/whgdata whlstfl18.htm
2005.01.10 15:46 B C:\Aardvark\whgdata\whlstfl19.htm --> magnatar.powweb.com /htdocs/WebFDMS/whgdata whlstfl19.htm
2005.01.10 15:46 B C:\Aardvark\whgdata\whlstfl2.htm --> magnatar.powweb.com /htdocs/WebFDMS/whgdata whlstfl2.htm
2005.01.10 15:46 B C:\Aardvark\whgdata\whlstfl20.htm --> magnatar.powweb.com /htdocs/WebFDMS/whgdata whlstfl20.htm
2005.01.10 15:46 B C:\Aardvark\whgdata\whlstfl21.htm --> magnatar.powweb.com /htdocs/WebFDMS/whgdata whlstfl21.htm
2005.01.10 15:46 B C:\Aardvark\whgdata\whlstfl3.htm --> magnatar.powweb.com /htdocs/WebFDMS/whgdata whlstfl3.htm
2005.01.10 15:46 B C:\Aardvark\whgdata\whlstfl4.htm --> magnatar.powweb.com /htdocs/WebFDMS/whgdata whlstfl4.htm
2005.01.10 15:46 B C:\Aardvark\whgdata\whlstfl5.htm --> magnatar.powweb.com /htdocs/WebFDMS/whgdata whlstfl5.htm
2005.01.10 15:46 B C:\Aardvark\whgdata\whlstfl6.htm --> magnatar.powweb.com /htdocs/WebFDMS/whgdata whlstfl6.htm
2005.01.10 15:46 B C:\Aardvark\whgdata\whlstfl7.htm --> magnatar.powweb.com /htdocs/WebFDMS/whgdata whlstfl7.htm
2005.01.10 15:46 B C:\Aardvark\whgdata\whlstfl8.htm --> magnatar.powweb.com /htdocs/WebFDMS/whgdata whlstfl8.htm
2005.01.10 15:46 B C:\Aardvark\whgdata\whlstfl9.htm --> magnatar.powweb.com /htdocs/WebFDMS/whgdata whlstfl9.htm
2005.01.10 15:46 B C:\Aardvark\whgdata\whlstg0.htm --> magnatar.powweb.com /htdocs/WebFDMS/whgdata whlstg0.htm
2005.01.10 15:46 B C:\Aardvark\whgdata\whlsti0.htm --> magnatar.powweb.com /htdocs/WebFDMS/whgdata whlsti0.htm
2005.01.10 15:47 B C:\Aardvark\whgdata\whlstt0.htm --> magnatar.powweb.com /htdocs/WebFDMS/whgdata whlstt0.htm
2005.01.10 15:47 B C:\Aardvark\whgdata\whlstt1.htm --> magnatar.powweb.com /htdocs/WebFDMS/whgdata whlstt1.htm
2005.01.10 15:47 B C:\Aardvark\whgdata\whlstt2.htm --> magnatar.powweb.com /htdocs/WebFDMS/whgdata whlstt2.htm
2005.01.10 15:47 B C:\Aardvark\whgdata\whlstt3.htm --> magnatar.powweb.com /htdocs/WebFDMS/whgdata whlstt3.htm
2005.01.10 15:47 B C:\Aardvark\whgdata\whlstt4.htm --> magnatar.powweb.com /htdocs/WebFDMS/whgdata whlstt4.htm
2005.01.10 15:47 B C:\Aardvark\whgdata\whlstt5.htm --> magnatar.powweb.com /htdocs/WebFDMS/whgdata whlstt5.htm
2005.01.10 15:47 B C:\Aardvark\whgdata\whlstt6.htm --> magnatar.powweb.com /htdocs/WebFDMS/whgdata whlstt6.htm
2005.01.10 15:47 B C:\Aardvark\whgdata\whlstt7.htm --> magnatar.powweb.com /htdocs/WebFDMS/whgdata whlstt7.htm
2005.01.10 15:47 B C:\Aardvark\whgdata\whlstt8.htm --> magnatar.powweb.com /htdocs/WebFDMS/whgdata whlstt8.htm
2005.01.10 15:47 B C:\Aardvark\whgdata\whnvf30.htm --> magnatar.powweb.com /htdocs/WebFDMS/whgdata whnvf30.htm
2005.01.10 15:47 B C:\Aardvark\whgdata\whnvf31.htm --> magnatar.powweb.com /htdocs/WebFDMS/whgdata whnvf31.htm
2005.01.10 15:47 B C:\Aardvark\whgdata\whnvf32.htm --> magnatar.powweb.com /htdocs/WebFDMS/whgdata whnvf32.htm
2005.01.10 15:47 B C:\Aardvark\whgdata\whnvf33.htm --> magnatar.powweb.com /htdocs/WebFDMS/whgdata whnvf33.htm
2005.01.10 15:47 B C:\Aardvark\whgdata\whnvl31.htm --> magnatar.powweb.com /htdocs/WebFDMS/whgdata whnvl31.htm
2005.01.10 15:47 B C:\Aardvark\whgdata\whnvl32.htm --> magnatar.powweb.com /htdocs/WebFDMS/whgdata whnvl32.htm
2005.01.10 15:47 B C:\Aardvark\whgdata\whnvl33.htm --> magnatar.powweb.com /htdocs/WebFDMS/whgdata whnvl33.htm
2005.01.10 15:47 B C:\Aardvark\whgdata\whnvp30.htm --> magnatar.powweb.com /htdocs/WebFDMS/whgdata whnvp30.htm
2005.01.10 15:47 B C:\Aardvark\whgdata\whnvp31.htm --> magnatar.powweb.com /htdocs/WebFDMS/whgdata whnvp31.htm
2005.01.10 15:47 B C:\Aardvark\whgdata\whnvp32.htm --> magnatar.powweb.com /htdocs/WebFDMS/whgdata whnvp32.htm
2005.01.10 15:47 B C:\Aardvark\whgdata\whnvp33.htm --> magnatar.powweb.com /htdocs/WebFDMS/whgdata whnvp33.htm
2005.01.10 15:47 B C:\Aardvark\whgdata\whnvt30.htm --> magnatar.powweb.com /htdocs/WebFDMS/whgdata whnvt30.htm
2005.01.10 15:47 B C:\Aardvark\whgdata\whnvt31.htm --> magnatar.powweb.com /htdocs/WebFDMS/whgdata whnvt31.htm
2005.01.10 15:47 B C:\Aardvark\whgdata\whnvt32.htm --> magnatar.powweb.com /htdocs/WebFDMS/whgdata whnvt32.htm
2005.01.10 15:47 B C:\Aardvark\whgdata\whnvt33.htm --> magnatar.powweb.com /htdocs/WebFDMS/whgdata whnvt33.htm
2005.01.10 15:47 B C:\Aardvark\whgdata\WS_FTP.LOG --> magnatar.powweb.com /htdocs/WebFDMS/whgdata WS_FTP.LOG
2005.01.12 16:48 B C:\Aardvark\whgdata\whexpbar.gif --> magnatar.powweb.com /htdocs/WebFDMS/whgdata whexpbar.gif
2005.01.12 16:48 B C:\Aardvark\whgdata\whlstf0.htm --> magnatar.powweb.com /htdocs/WebFDMS/whgdata whlstf0.htm
2005.01.12 16:48 B C:\Aardvark\whgdata\whlstf1.htm --> magnatar.powweb.com /htdocs/WebFDMS/whgdata whlstf1.htm
2005.01.12 16:48 B C:\Aardvark\whgdata\whlstf2.htm --> magnatar.powweb.com /htdocs/WebFDMS/whgdata whlstf2.htm
2005.01.12 16:48 B C:\Aardvark\whgdata\whlstf3.htm --> magnatar.powweb.com /htdocs/WebFDMS/whgdata whlstf3.htm
2005.01.12 16:48 B C:\Aardvark\whgdata\whlstf4.htm --> magnatar.powweb.com /htdocs/WebFDMS/whgdata whlstf4.htm
2005.01.12 16:48 B C:\Aardvark\whgdata\whlstf5.htm --> magnatar.powweb.com /htdocs/WebFDMS/whgdata whlstf5.htm
2005.01.12 16:48 B C:\Aardvark\whgdata\whlstf6.htm --> magnatar.powweb.com /htdocs/WebFDMS/whgdata whlstf6.htm
2005.01.12 16:48 B C:\Aardvark\whgdata\whlstf7.htm --> magnatar.powweb.com /htdocs/WebFDMS/whgdata whlstf7.htm
2005.01.12 16:48 B C:\Aardvark\whgdata\whlstf8.htm --> magnatar.powweb.com /htdocs/WebFDMS/whgdata whlstf8.htm
2005.01.12 16:48 B C:\Aardvark\whgdata\whlstf9.htm --> magnatar.powweb.com /htdocs/WebFDMS/whgdata whlstf9.htm
2005.01.12 16:48 B C:\Aardvark\whgdata\whlstfl0.htm --> magnatar.powweb.com /htdocs/WebFDMS/whgdata whlstfl0.htm
2005.01.12 16:48 B C:\Aardvark\whgdata\whlstfl1.htm --> magnatar.powweb.com /htdocs/WebFDMS/whgdata whlstfl1.htm
2005.01.12 16:48 B C:\Aardvark\whgdata\whlstfl10.htm --> magnatar.powweb.com /htdocs/WebFDMS/whgdata whlstfl10.htm
2005.01.12 16:48 B C:\Aardvark\whgdata\whlstfl11.htm --> magnatar.powweb.com /htdocs/WebFDMS/whgdata whlstfl11.htm
2005.01.12 16:48 B C:\Aardvark\whgdata\whlstfl12.htm --> magnatar.powweb.com /htdocs/WebFDMS/whgdata whlstfl12.htm
2005.01.12 16:48 B C:\Aardvark\whgdata\whlstfl13.htm --> magnatar.powweb.com /htdocs/WebFDMS/whgdata whlstfl13.htm
2005.01.12 16:48 B C:\Aardvark\whgdata\whlstfl14.htm --> magnatar.powweb.com /htdocs/WebFDMS/whgdata whlstfl14.htm
2005.01.12 16:48 B C:\Aardvark\whgdata\whlstfl15.htm --> magnatar.powweb.com /htdocs/WebFDMS/whgdata whlstfl15.htm
2005.01.12 16:48 B C:\Aardvark\whgdata\whlstfl16.htm --> magnatar.powweb.com /htdocs/WebFDMS/whgdata whlstfl16.htm
2005.01.12 16:48 B C:\Aardvark\whgdata\whlstfl17.htm --> magnatar.powweb.com /htdocs/WebFDMS/whgdata whlstfl17.htm
2005.01.12 16:48 B C:\Aardvark\whgdata\whlstfl18.htm --> magnatar.powweb.com /htdocs/WebFDMS/whgdata whlstfl18.htm
2005.01.12 16:48 B C:\Aardvark\whgdata\whlstfl19.htm --> magnatar.powweb.com /htdocs/WebFDMS/whgdata whlstfl19.htm
2005.01.12 16:48 B C:\Aardvark\whgdata\whlstfl2.htm --> magnatar.powweb.com /htdocs/WebFDMS/whgdata whlstfl2.htm
2005.01.12 16:48 B C:\Aardvark\whgdata\whlstfl20.htm --> magnatar.powweb.com /htdocs/WebFDMS/whgdata whlstfl20.htm
2005.01.12 16:48 B C:\Aardvark\whgdata\whlstfl21.htm --> magnatar.powweb.com /htdocs/WebFDMS/whgdata whlstfl21.htm
2005.01.12 16:48 B C:\Aardvark\whgdata\whlstfl22.htm --> magnatar.powweb.com /htdocs/WebFDMS/whgdata whlstfl22.htm
2005.01.12 16:48 B C:\Aardvark\whgdata\whlstfl3.htm --> magnatar.powweb.com /htdocs/WebFDMS/whgdata whlstfl3.htm
2005.01.12 16:48 B C:\Aardvark\whgdata\whlstfl4.htm --> magnatar.powweb.com /htdocs/WebFDMS/whgdata whlstfl4.htm
2005.01.12 16:48 B C:\Aardvark\whgdata\whlstfl5.htm --> magnatar.powweb.com /htdocs/WebFDMS/whgdata whlstfl5.htm
2005.01.12 16:48 B C:\Aardvark\whgdata\whlstfl6.htm --> magnatar.powweb.com /htdocs/WebFDMS/whgdata whlstfl6.htm
2005.01.12 16:49 B C:\Aardvark\whgdata\whlstfl7.htm --> magnatar.powweb.com /htdocs/WebFDMS/whgdata whlstfl7.htm
2005.01.12 16:49 B C:\Aardvark\whgdata\whlstfl8.htm --> magnatar.powweb.com /htdocs/WebFDMS/whgdata whlstfl8.htm
2005.01.12 16:49 B C:\Aardvark\whgdata\whlstfl9.htm --> magnatar.powweb.com /htdocs/WebFDMS/whgdata whlstfl9.htm
2005.01.12 16:49 B C:\Aardvark\whgdata\whlstg0.htm --> magnatar.powweb.com /htdocs/WebFDMS/whgdata whlstg0.htm
2005.01.12 16:49 B C:\Aardvark\whgdata\whlsti0.htm --> magnatar.powweb.com /htdocs/WebFDMS/whgdata whlsti0.htm
2005.01.12 16:49 B C:\Aardvark\whgdata\whlstt0.htm --> magnatar.powweb.com /htdocs/WebFDMS/whgdata whlstt0.htm
2005.01.12 16:49 B C:\Aardvark\whgdata\whlstt1.htm --> magnatar.powweb.com /htdocs/WebFDMS/whgdata whlstt1.htm
2005.01.12 16:49 B C:\Aardvark\whgdata\whlstt10.htm --> magnatar.powweb.com /htdocs/WebFDMS/whgdata whlstt10.htm
2005.01.12 16:49 B C:\Aardvark\whgdata\whlstt11.htm --> magnatar.powweb.com /htdocs/WebFDMS/whgdata whlstt11.htm
2005.01.12 16:49 B C:\Aardvark\whgdata\whlstt12.htm --> magnatar.powweb.com /htdocs/WebFDMS/whgdata whlstt12.htm
2005.01.12 16:49 B C:\Aardvark\whgdata\whlstt13.htm --> magnatar.powweb.com /htdocs/WebFDMS/whgdata whlstt13.htm
2005.01.12 16:49 B C:\Aardvark\whgdata\whlstt14.htm --> magnatar.powweb.com /htdocs/WebFDMS/whgdata whlstt14.htm
2005.01.12 16:49 B C:\Aardvark\whgdata\whlstt15.htm --> magnatar.powweb.com /htdocs/WebFDMS/whgdata whlstt15.htm
2005.01.12 16:49 B C:\Aardvark\whgdata\whlstt16.htm --> magnatar.powweb.com /htdocs/WebFDMS/whgdata whlstt16.htm
2005.01.12 16:49 B C:\Aardvark\whgdata\whlstt17.htm --> magnatar.powweb.com /htdocs/WebFDMS/whgdata whlstt17.htm
2005.01.12 16:49 B C:\Aardvark\whgdata\whlstt2.htm --> magnatar.powweb.com /htdocs/WebFDMS/whgdata whlstt2.htm
2005.01.12 16:49 B C:\Aardvark\whgdata\whlstt3.htm --> magnatar.powweb.com /htdocs/WebFDMS/whgdata whlstt3.htm
2005.01.12 16:49 B C:\Aardvark\whgdata\whlstt4.htm --> magnatar.powweb.com /htdocs/WebFDMS/whgdata whlstt4.htm
2005.01.12 16:49 B C:\Aardvark\whgdata\whlstt5.htm --> magnatar.powweb.com /htdocs/WebFDMS/whgdata whlstt5.htm
2005.01.12 16:49 B C:\Aardvark\whgdata\whlstt6.htm --> magnatar.powweb.com /htdocs/WebFDMS/whgdata whlstt6.htm
2005.01.12 16:49 B C:\Aardvark\whgdata\whlstt7.htm --> magnatar.powweb.com /htdocs/WebFDMS/whgdata whlstt7.htm
2005.01.12 16:49 B C:\Aardvark\whgdata\whlstt8.htm --> magnatar.powweb.com /htdocs/WebFDMS/whgdata whlstt8.htm
2005.01.12 16:49 B C:\Aardvark\whgdata\whlstt9.htm --> magnatar.powweb.com /htdocs/WebFDMS/whgdata whlstt9.htm
2005.01.12 16:49 B C:\Aardvark\whgdata\whnvf30.htm --> magnatar.powweb.com /htdocs/WebFDMS/whgdata whnvf30.htm
2005.01.12 16:49 B C:\Aardvark\whgdata\whnvf31.htm --> magnatar.powweb.com /htdocs/WebFDMS/whgdata whnvf31.htm
2005.01.12 16:49 B C:\Aardvark\whgdata\whnvf32.htm --> magnatar.powweb.com /htdocs/WebFDMS/whgdata whnvf32.htm
2005.01.12 16:49 B C:\Aardvark\whgdata\whnvf33.htm --> magnatar.powweb.com /htdocs/WebFDMS/whgdata whnvf33.htm
2005.01.12 16:49 B C:\Aardvark\whgdata\whnvl31.htm --> magnatar.powweb.com /htdocs/WebFDMS/whgdata whnvl31.htm
2005.01.12 16:49 B C:\Aardvark\whgdata\whnvl32.htm --> magnatar.powweb.com /htdocs/WebFDMS/whgdata whnvl32.htm
2005.01.12 16:49 B C:\Aardvark\whgdata\whnvl33.htm --> magnatar.powweb.com /htdocs/WebFDMS/whgdata whnvl33.htm
2005.01.12 16:49 B C:\Aardvark\whgdata\whnvp30.htm --> magnatar.powweb.com /htdocs/WebFDMS/whgdata whnvp30.htm
2005.01.12 16:49 B C:\Aardvark\whgdata\whnvp31.htm --> magnatar.powweb.com /htdocs/WebFDMS/whgdata whnvp31.htm
2005.01.12 16:49 B C:\Aardvark\whgdata\whnvp32.htm --> magnatar.powweb.com /htdocs/WebFDMS/whgdata whnvp32.htm
2005.01.12 16:49 B C:\Aardvark\whgdata\whnvp33.htm --> magnatar.powweb.com /htdocs/WebFDMS/whgdata whnvp33.htm
2005.01.12 16:49 B C:\Aardvark\whgdata\whnvt30.htm --> magnatar.powweb.com /htdocs/WebFDMS/whgdata whnvt30.htm
2005.01.12 16:49 B C:\Aardvark\whgdata\whnvt31.htm --> magnatar.powweb.com /htdocs/WebFDMS/whgdata whnvt31.htm
2005.01.12 16:49 B C:\Aardvark\whgdata\whnvt32.htm --> magnatar.powweb.com /htdocs/WebFDMS/whgdata whnvt32.htm
2005.01.12 16:49 B C:\Aardvark\whgdata\whnvt33.htm --> magnatar.powweb.com /htdocs/WebFDMS/whgdata whnvt33.htm
2005.01.12 16:49 B C:\Aardvark\whgdata\WS_FTP.LOG --> magnatar.powweb.com /htdocs/WebFDMS/whgdata WS_FTP.LOG
2005.01.16 15:49 B C:\Aardvark\whgdata\WS_FTP.LOG --> magnatar.powweb.com /htdocs/WebFDMS/whgdata WS_FTP.LOG
2005.01.16 15:49 B C:\Aardvark\whgdata\whexpbar.gif --> magnatar.powweb.com /htdocs/WebFDMS/whgdata whexpbar.gif
2005.01.16 15:49 B C:\Aardvark\whgdata\whlstf0.htm --> magnatar.powweb.com /htdocs/WebFDMS/whgdata whlstf0.htm
2005.01.16 15:49 B C:\Aardvark\whgdata\whlstf1.htm --> magnatar.powweb.com /htdocs/WebFDMS/whgdata whlstf1.htm
2005.01.16 15:49 B C:\Aardvark\whgdata\whlstf10.htm --> magnatar.powweb.com /htdocs/WebFDMS/whgdata whlstf10.htm
2005.01.16 15:49 B C:\Aardvark\whgdata\whlstf2.htm --> magnatar.powweb.com /htdocs/WebFDMS/whgdata whlstf2.htm
2005.01.16 15:49 B C:\Aardvark\whgdata\whlstf3.htm --> magnatar.powweb.com /htdocs/WebFDMS/whgdata whlstf3.htm
2005.01.16 15:49 B C:\Aardvark\whgdata\whlstf4.htm --> magnatar.powweb.com /htdocs/WebFDMS/whgdata whlstf4.htm
2005.01.16 15:49 B C:\Aardvark\whgdata\whlstf5.htm --> magnatar.powweb.com /htdocs/WebFDMS/whgdata whlstf5.htm
2005.01.16 15:49 B C:\Aardvark\whgdata\whlstf6.htm --> magnatar.powweb.com /htdocs/WebFDMS/whgdata whlstf6.htm
2005.01.16 15:49 B C:\Aardvark\whgdata\whlstf7.htm --> magnatar.powweb.com /htdocs/WebFDMS/whgdata whlstf7.htm
2005.01.16 15:49 B C:\Aardvark\whgdata\whlstf8.htm --> magnatar.powweb.com /htdocs/WebFDMS/whgdata whlstf8.htm
2005.01.16 15:49 B C:\Aardvark\whgdata\whlstf9.htm --> magnatar.powweb.com /htdocs/WebFDMS/whgdata whlstf9.htm
2005.01.16 15:49 B C:\Aardvark\whgdata\whlstfl0.htm --> magnatar.powweb.com /htdocs/WebFDMS/whgdata whlstfl0.htm
2005.01.16 15:49 B C:\Aardvark\whgdata\whlstfl1.htm --> magnatar.powweb.com /htdocs/WebFDMS/whgdata whlstfl1.htm
2005.01.16 15:49 B C:\Aardvark\whgdata\whlstfl10.htm --> magnatar.powweb.com /htdocs/WebFDMS/whgdata whlstfl10.htm
2005.01.16 15:49 B C:\Aardvark\whgdata\whlstfl11.htm --> magnatar.powweb.com /htdocs/WebFDMS/whgdata whlstfl11.htm
2005.01.16 15:49 B C:\Aardvark\whgdata\whlstfl12.htm --> magnatar.powweb.com /htdocs/WebFDMS/whgdata whlstfl12.htm
2005.01.16 15:49 B C:\Aardvark\whgdata\whlstfl13.htm --> magnatar.powweb.com /htdocs/WebFDMS/whgdata whlstfl13.htm
2005.01.16 15:49 B C:\Aardvark\whgdata\whlstfl14.htm --> magnatar.powweb.com /htdocs/WebFDMS/whgdata whlstfl14.htm
2005.01.16 15:49 B C:\Aardvark\whgdata\whlstfl15.htm --> magnatar.powweb.com /htdocs/WebFDMS/whgdata whlstfl15.htm
2005.01.16 15:49 B C:\Aardvark\whgdata\whlstfl16.htm --> magnatar.powweb.com /htdocs/WebFDMS/whgdata whlstfl16.htm
2005.01.16 15:49 B C:\Aardvark\whgdata\whlstfl17.htm --> magnatar.powweb.com /htdocs/WebFDMS/whgdata whlstfl17.htm
2005.01.16 15:49 B C:\Aardvark\whgdata\whlstfl18.htm --> magnatar.powweb.com /htdocs/WebFDMS/whgdata whlstfl18.htm
2005.01.16 15:49 B C:\Aardvark\whgdata\whlstfl19.htm --> magnatar.powweb.com /htdocs/WebFDMS/whgdata whlstfl19.htm
2005.01.16 15:49 B C:\Aardvark\whgdata\whlstfl2.htm --> magnatar.powweb.com /htdocs/WebFDMS/whgdata whlstfl2.htm
2005.01.16 15:49 B C:\Aardvark\whgdata\whlstfl20.htm --> magnatar.powweb.com /htdocs/WebFDMS/whgdata whlstfl20.htm
2005.01.16 15:49 B C:\Aardvark\whgdata\whlstfl21.htm --> magnatar.powweb.com /htdocs/WebFDMS/whgdata whlstfl21.htm
2005.01.16 15:49 B C:\Aardvark\whgdata\whlstfl22.htm --> magnatar.powweb.com /htdocs/WebFDMS/whgdata whlstfl22.htm
2005.01.16 15:49 B C:\Aardvark\whgdata\whlstfl3.htm --> magnatar.powweb.com /htdocs/WebFDMS/whgdata whlstfl3.htm
2005.01.16 15:49 B C:\Aardvark\whgdata\whlstfl4.htm --> magnatar.powweb.com /htdocs/WebFDMS/whgdata whlstfl4.htm
2005.01.16 15:49 B C:\Aardvark\whgdata\whlstfl5.htm --> magnatar.powweb.com /htdocs/WebFDMS/whgdata whlstfl5.htm
2005.01.16 15:49 B C:\Aardvark\whgdata\whlstfl6.htm --> magnatar.powweb.com /htdocs/WebFDMS/whgdata whlstfl6.htm
2005.01.16 15:49 B C:\Aardvark\whgdata\whlstfl7.htm --> magnatar.powweb.com /htdocs/WebFDMS/whgdata whlstfl7.htm
2005.01.16 15:49 B C:\Aardvark\whgdata\whlstfl8.htm --> magnatar.powweb.com /htdocs/WebFDMS/whgdata whlstfl8.htm
2005.01.16 15:49 B C:\Aardvark\whgdata\whlstfl9.htm --> magnatar.powweb.com /htdocs/WebFDMS/whgdata whlstfl9.htm
2005.01.16 15:49 B C:\Aardvark\whgdata\whlstg0.htm --> magnatar.powweb.com /htdocs/WebFDMS/whgdata whlstg0.htm
2005.01.16 15:49 B C:\Aardvark\whgdata\whlsti0.htm --> magnatar.powweb.com /htdocs/WebFDMS/whgdata whlsti0.htm
2005.01.16 15:49 B C:\Aardvark\whgdata\whlstt0.htm --> magnatar.powweb.com /htdocs/WebFDMS/whgdata whlstt0.htm
2005.01.16 15:49 B C:\Aardvark\whgdata\whlstt1.htm --> magnatar.powweb.com /htdocs/WebFDMS/whgdata whlstt1.htm
2005.01.16 15:49 B C:\Aardvark\whgdata\whlstt10.htm --> magnatar.powweb.com /htdocs/WebFDMS/whgdata whlstt10.htm
2005.01.16 15:49 B C:\Aardvark\whgdata\whlstt11.htm --> magnatar.powweb.com /htdocs/WebFDMS/whgdata whlstt11.htm
2005.01.16 15:49 B C:\Aardvark\whgdata\whlstt12.htm --> magnatar.powweb.com /htdocs/WebFDMS/whgdata whlstt12.htm
2005.01.16 15:49 B C:\Aardvark\whgdata\whlstt13.htm --> magnatar.powweb.com /htdocs/WebFDMS/whgdata whlstt13.htm
2005.01.16 15:49 B C:\Aardvark\whgdata\whlstt14.htm --> magnatar.powweb.com /htdocs/WebFDMS/whgdata whlstt14.htm
2005.01.16 15:49 B C:\Aardvark\whgdata\whlstt15.htm --> magnatar.powweb.com /htdocs/WebFDMS/whgdata whlstt15.htm
2005.01.16 15:49 B C:\Aardvark\whgdata\whlstt16.htm --> magnatar.powweb.com /htdocs/WebFDMS/whgdata whlstt16.htm
2005.01.16 15:49 B C:\Aardvark\whgdata\whlstt17.htm --> magnatar.powweb.com /htdocs/WebFDMS/whgdata whlstt17.htm
2005.01.16 15:49 B C:\Aardvark\whgdata\whlstt18.htm --> magnatar.powweb.com /htdocs/WebFDMS/whgdata whlstt18.htm
2005.01.16 15:49 B C:\Aardvark\whgdata\whlstt2.htm --> magnatar.powweb.com /htdocs/WebFDMS/whgdata whlstt2.htm
2005.01.16 15:49 B C:\Aardvark\whgdata\whlstt3.htm --> magnatar.powweb.com /htdocs/WebFDMS/whgdata whlstt3.htm
2005.01.16 15:49 B C:\Aardvark\whgdata\whlstt4.htm --> magnatar.powweb.com /htdocs/WebFDMS/whgdata whlstt4.htm
2005.01.16 15:49 B C:\Aardvark\whgdata\whlstt5.htm --> magnatar.powweb.com /htdocs/WebFDMS/whgdata whlstt5.htm
2005.01.16 15:49 B C:\Aardvark\whgdata\whlstt6.htm --> magnatar.powweb.com /htdocs/WebFDMS/whgdata whlstt6.htm
2005.01.16 15:49 B C:\Aardvark\whgdata\whlstt7.htm --> magnatar.powweb.com /htdocs/WebFDMS/whgdata whlstt7.htm
2005.01.16 15:49 B C:\Aardvark\whgdata\whlstt8.htm --> magnatar.powweb.com /htdocs/WebFDMS/whgdata whlstt8.htm
2005.01.16 15:49 B C:\Aardvark\whgdata\whlstt9.htm --> magnatar.powweb.com /htdocs/WebFDMS/whgdata whlstt9.htm
2005.01.16 15:49 B C:\Aardvark\whgdata\whnvf30.htm --> magnatar.powweb.com /htdocs/WebFDMS/whgdata whnvf30.htm
2005.01.16 15:49 B C:\Aardvark\whgdata\whnvf31.htm --> magnatar.powweb.com /htdocs/WebFDMS/whgdata whnvf31.htm
2005.01.16 15:49 B C:\Aardvark\whgdata\whnvf32.htm --> magnatar.powweb.com /htdocs/WebFDMS/whgdata whnvf32.htm
2005.01.16 15:49 B C:\Aardvark\whgdata\whnvf33.htm --> magnatar.powweb.com /htdocs/WebFDMS/whgdata whnvf33.htm
2005.01.16 15:49 B C:\Aardvark\whgdata\whnvl31.htm --> magnatar.powweb.com /htdocs/WebFDMS/whgdata whnvl31.htm
2005.01.16 15:49 B C:\Aardvark\whgdata\whnvl32.htm --> magnatar.powweb.com /htdocs/WebFDMS/whgdata whnvl32.htm
2005.01.16 15:49 B C:\Aardvark\whgdata\whnvl33.htm --> magnatar.powweb.com /htdocs/WebFDMS/whgdata whnvl33.htm
2005.01.16 15:49 B C:\Aardvark\whgdata\whnvp30.htm --> magnatar.powweb.com /htdocs/WebFDMS/whgdata whnvp30.htm
2005.01.16 15:49 B C:\Aardvark\whgdata\whnvp31.htm --> magnatar.powweb.com /htdocs/WebFDMS/whgdata whnvp31.htm
2005.01.16 15:49 B C:\Aardvark\whgdata\whnvp32.htm --> magnatar.powweb.com /htdocs/WebFDMS/whgdata whnvp32.htm
2005.01.16 15:49 B C:\Aardvark\whgdata\whnvp33.htm --> magnatar.powweb.com /htdocs/WebFDMS/whgdata whnvp33.htm
2005.01.16 15:49 B C:\Aardvark\whgdata\whnvt30.htm --> magnatar.powweb.com /htdocs/WebFDMS/whgdata whnvt30.htm
2005.01.16 15:49 B C:\Aardvark\whgdata\whnvt31.htm --> magnatar.powweb.com /htdocs/WebFDMS/whgdata whnvt31.htm
2005.01.16 15:49 B C:\Aardvark\whgdata\whnvt32.htm --> magnatar.powweb.com /htdocs/WebFDMS/whgdata whnvt32.htm
2005.01.16 15:49 B C:\Aardvark\whgdata\whnvt33.htm --> magnatar.powweb.com /htdocs/WebFDMS/whgdata whnvt33.htm
2005.01.17 12:30 B C:\Aardvark\whgdata\whexpbar.gif --> magnatar.powweb.com /htdocs/WebFDMS/whgdata whexpbar.gif
2005.01.17 12:30 B C:\Aardvark\whgdata\whlstf0.htm --> magnatar.powweb.com /htdocs/WebFDMS/whgdata whlstf0.htm
2005.01.17 12:30 B C:\Aardvark\whgdata\whlstf1.htm --> magnatar.powweb.com /htdocs/WebFDMS/whgdata whlstf1.htm
2005.01.17 12:30 B C:\Aardvark\whgdata\whlstf10.htm --> magnatar.powweb.com /htdocs/WebFDMS/whgdata whlstf10.htm
2005.01.17 12:30 B C:\Aardvark\whgdata\whlstf11.htm --> magnatar.powweb.com /htdocs/WebFDMS/whgdata whlstf11.htm
2005.01.17 12:30 B C:\Aardvark\whgdata\whlstf2.htm --> magnatar.powweb.com /htdocs/WebFDMS/whgdata whlstf2.htm
2005.01.17 12:30 B C:\Aardvark\whgdata\whlstf3.htm --> magnatar.powweb.com /htdocs/WebFDMS/whgdata whlstf3.htm
2005.01.17 12:30 B C:\Aardvark\whgdata\whlstf4.htm --> magnatar.powweb.com /htdocs/WebFDMS/whgdata whlstf4.htm
2005.01.17 12:30 B C:\Aardvark\whgdata\whlstf5.htm --> magnatar.powweb.com /htdocs/WebFDMS/whgdata whlstf5.htm
2005.01.17 12:30 B C:\Aardvark\whgdata\whlstf6.htm --> magnatar.powweb.com /htdocs/WebFDMS/whgdata whlstf6.htm
2005.01.17 12:30 B C:\Aardvark\whgdata\whlstf7.htm --> magnatar.powweb.com /htdocs/WebFDMS/whgdata whlstf7.htm
2005.01.17 12:30 B C:\Aardvark\whgdata\whlstf8.htm --> magnatar.powweb.com /htdocs/WebFDMS/whgdata whlstf8.htm
2005.01.17 12:30 B C:\Aardvark\whgdata\whlstf9.htm --> magnatar.powweb.com /htdocs/WebFDMS/whgdata whlstf9.htm
2005.01.17 12:30 B C:\Aardvark\whgdata\whlstfl0.htm --> magnatar.powweb.com /htdocs/WebFDMS/whgdata whlstfl0.htm
2005.01.17 12:30 B C:\Aardvark\whgdata\whlstfl1.htm --> magnatar.powweb.com /htdocs/WebFDMS/whgdata whlstfl1.htm
2005.01.17 12:30 B C:\Aardvark\whgdata\whlstfl10.htm --> magnatar.powweb.com /htdocs/WebFDMS/whgdata whlstfl10.htm
2005.01.17 12:30 B C:\Aardvark\whgdata\whlstfl11.htm --> magnatar.powweb.com /htdocs/WebFDMS/whgdata whlstfl11.htm
2005.01.17 12:30 B C:\Aardvark\whgdata\whlstfl12.htm --> magnatar.powweb.com /htdocs/WebFDMS/whgdata whlstfl12.htm
2005.01.17 12:30 B C:\Aardvark\whgdata\whlstfl13.htm --> magnatar.powweb.com /htdocs/WebFDMS/whgdata whlstfl13.htm
2005.01.17 12:30 B C:\Aardvark\whgdata\whlstfl14.htm --> magnatar.powweb.com /htdocs/WebFDMS/whgdata whlstfl14.htm
2005.01.17 12:30 B C:\Aardvark\whgdata\whlstfl15.htm --> magnatar.powweb.com /htdocs/WebFDMS/whgdata whlstfl15.htm
2005.01.17 12:30 B C:\Aardvark\whgdata\whlstfl16.htm --> magnatar.powweb.com /htdocs/WebFDMS/whgdata whlstfl16.htm
2005.01.17 12:30 B C:\Aardvark\whgdata\whlstfl17.htm --> magnatar.powweb.com /htdocs/WebFDMS/whgdata whlstfl17.htm
2005.01.17 12:30 B C:\Aardvark\whgdata\whlstfl18.htm --> magnatar.powweb.com /htdocs/WebFDMS/whgdata whlstfl18.htm
2005.01.17 12:30 B C:\Aardvark\whgdata\whlstfl19.htm --> magnatar.powweb.com /htdocs/WebFDMS/whgdata whlstfl19.htm
2005.01.17 12:30 B C:\Aardvark\whgdata\whlstfl2.htm --> magnatar.powweb.com /htdocs/WebFDMS/whgdata whlstfl2.htm
2005.01.17 12:30 B C:\Aardvark\whgdata\whlstfl20.htm --> magnatar.powweb.com /htdocs/WebFDMS/whgdata whlstfl20.htm
2005.01.17 12:30 B C:\Aardvark\whgdata\whlstfl21.htm --> magnatar.powweb.com /htdocs/WebFDMS/whgdata whlstfl21.htm
2005.01.17 12:30 B C:\Aardvark\whgdata\whlstfl22.htm --> magnatar.powweb.com /htdocs/WebFDMS/whgdata whlstfl22.htm
2005.01.17 12:30 B C:\Aardvark\whgdata\whlstfl3.htm --> magnatar.powweb.com /htdocs/WebFDMS/whgdata whlstfl3.htm
2005.01.17 12:30 B C:\Aardvark\whgdata\whlstfl4.htm --> magnatar.powweb.com /htdocs/WebFDMS/whgdata whlstfl4.htm
2005.01.17 12:30 B C:\Aardvark\whgdata\whlstfl5.htm --> magnatar.powweb.com /htdocs/WebFDMS/whgdata whlstfl5.htm
2005.01.17 12:30 B C:\Aardvark\whgdata\whlstfl6.htm --> magnatar.powweb.com /htdocs/WebFDMS/whgdata whlstfl6.htm
2005.01.17 12:30 B C:\Aardvark\whgdata\whlstfl7.htm --> magnatar.powweb.com /htdocs/WebFDMS/whgdata whlstfl7.htm
2005.01.17 12:30 B C:\Aardvark\whgdata\whlstfl8.htm --> magnatar.powweb.com /htdocs/WebFDMS/whgdata whlstfl8.htm
2005.01.17 12:30 B C:\Aardvark\whgdata\whlstfl9.htm --> magnatar.powweb.com /htdocs/WebFDMS/whgdata whlstfl9.htm
2005.01.17 12:30 B C:\Aardvark\whgdata\whlstg0.htm --> magnatar.powweb.com /htdocs/WebFDMS/whgdata whlstg0.htm
2005.01.17 12:30 B C:\Aardvark\whgdata\whlsti0.htm --> magnatar.powweb.com /htdocs/WebFDMS/whgdata whlsti0.htm
2005.01.17 12:30 B C:\Aardvark\whgdata\whlstt0.htm --> magnatar.powweb.com /htdocs/WebFDMS/whgdata whlstt0.htm
2005.01.17 12:30 B C:\Aardvark\whgdata\whlstt1.htm --> magnatar.powweb.com /htdocs/WebFDMS/whgdata whlstt1.htm
2005.01.17 12:30 B C:\Aardvark\whgdata\whlstt10.htm --> magnatar.powweb.com /htdocs/WebFDMS/whgdata whlstt10.htm
2005.01.17 12:30 B C:\Aardvark\whgdata\whlstt11.htm --> magnatar.powweb.com /htdocs/WebFDMS/whgdata whlstt11.htm
2005.01.17 12:30 B C:\Aardvark\whgdata\whlstt12.htm --> magnatar.powweb.com /htdocs/WebFDMS/whgdata whlstt12.htm
2005.01.17 12:30 B C:\Aardvark\whgdata\whlstt13.htm --> magnatar.powweb.com /htdocs/WebFDMS/whgdata whlstt13.htm
2005.01.17 12:30 B C:\Aardvark\whgdata\whlstt14.htm --> magnatar.powweb.com /htdocs/WebFDMS/whgdata whlstt14.htm
2005.01.17 12:30 B C:\Aardvark\whgdata\whlstt15.htm --> magnatar.powweb.com /htdocs/WebFDMS/whgdata whlstt15.htm
2005.01.17 12:30 B C:\Aardvark\whgdata\whlstt16.htm --> magnatar.powweb.com /htdocs/WebFDMS/whgdata whlstt16.htm
2005.01.17 12:31 B C:\Aardvark\whgdata\whlstt17.htm --> magnatar.powweb.com /htdocs/WebFDMS/whgdata whlstt17.htm
2005.01.17 12:31 B C:\Aardvark\whgdata\whlstt18.htm --> magnatar.powweb.com /htdocs/WebFDMS/whgdata whlstt18.htm
2005.01.17 12:31 B C:\Aardvark\whgdata\whlstt19.htm --> magnatar.powweb.com /htdocs/WebFDMS/whgdata whlstt19.htm
2005.01.17 12:31 B C:\Aardvark\whgdata\whlstt2.htm --> magnatar.powweb.com /htdocs/WebFDMS/whgdata whlstt2.htm
2005.01.17 12:31 B C:\Aardvark\whgdata\whlstt20.htm --> magnatar.powweb.com /htdocs/WebFDMS/whgdata whlstt20.htm
2005.01.17 12:31 B C:\Aardvark\whgdata\whlstt3.htm --> magnatar.powweb.com /htdocs/WebFDMS/whgdata whlstt3.htm
2005.01.17 12:31 B C:\Aardvark\whgdata\whlstt4.htm --> magnatar.powweb.com /htdocs/WebFDMS/whgdata whlstt4.htm
2005.01.17 12:31 B C:\Aardvark\whgdata\whlstt5.htm --> magnatar.powweb.com /htdocs/WebFDMS/whgdata whlstt5.htm
2005.01.17 12:31 B C:\Aardvark\whgdata\whlstt6.htm --> magnatar.powweb.com /htdocs/WebFDMS/whgdata whlstt6.htm
2005.01.17 12:31 B C:\Aardvark\whgdata\whlstt7.htm --> magnatar.powweb.com /htdocs/WebFDMS/whgdata whlstt7.htm
2005.01.17 12:31 B C:\Aardvark\whgdata\whlstt8.htm --> magnatar.powweb.com /htdocs/WebFDMS/whgdata whlstt8.htm
2005.01.17 12:31 B C:\Aardvark\whgdata\whlstt9.htm --> magnatar.powweb.com /htdocs/WebFDMS/whgdata whlstt9.htm
2005.01.17 12:31 B C:\Aardvark\whgdata\whnvf30.htm --> magnatar.powweb.com /htdocs/WebFDMS/whgdata whnvf30.htm
2005.01.17 12:31 B C:\Aardvark\whgdata\whnvf31.htm --> magnatar.powweb.com /htdocs/WebFDMS/whgdata whnvf31.htm
2005.01.17 12:31 B C:\Aardvark\whgdata\whnvf32.htm --> magnatar.powweb.com /htdocs/WebFDMS/whgdata whnvf32.htm
2005.01.17 12:31 B C:\Aardvark\whgdata\whnvf33.htm --> magnatar.powweb.com /htdocs/WebFDMS/whgdata whnvf33.htm
2005.01.17 12:31 B C:\Aardvark\whgdata\whnvl31.htm --> magnatar.powweb.com /htdocs/WebFDMS/whgdata whnvl31.htm
2005.01.17 12:31 B C:\Aardvark\whgdata\whnvl32.htm --> magnatar.powweb.com /htdocs/WebFDMS/whgdata whnvl32.htm
2005.01.17 12:31 B C:\Aardvark\whgdata\whnvl33.htm --> magnatar.powweb.com /htdocs/WebFDMS/whgdata whnvl33.htm
2005.01.17 12:31 B C:\Aardvark\whgdata\whnvp30.htm --> magnatar.powweb.com /htdocs/WebFDMS/whgdata whnvp30.htm
2005.01.17 12:31 B C:\Aardvark\whgdata\whnvp31.htm --> magnatar.powweb.com /htdocs/WebFDMS/whgdata whnvp31.htm
2005.01.17 12:31 B C:\Aardvark\whgdata\whnvp32.htm --> magnatar.powweb.com /htdocs/WebFDMS/whgdata whnvp32.htm
2005.01.17 12:31 B C:\Aardvark\whgdata\whnvp33.htm --> magnatar.powweb.com /htdocs/WebFDMS/whgdata whnvp33.htm
2005.01.17 12:31 B C:\Aardvark\whgdata\whnvt30.htm --> magnatar.powweb.com /htdocs/WebFDMS/whgdata whnvt30.htm
2005.01.17 12:31 B C:\Aardvark\whgdata\whnvt31.htm --> magnatar.powweb.com /htdocs/WebFDMS/whgdata whnvt31.htm
2005.01.17 12:31 B C:\Aardvark\whgdata\whnvt32.htm --> magnatar.powweb.com /htdocs/WebFDMS/whgdata whnvt32.htm
2005.01.17 12:31 B C:\Aardvark\whgdata\whnvt33.htm --> magnatar.powweb.com /htdocs/WebFDMS/whgdata whnvt33.htm
2005.01.17 12:31 B C:\Aardvark\whgdata\WS_FTP.LOG --> magnatar.powweb.com /htdocs/WebFDMS/whgdata WS_FTP.LOG
2005.01.18 09:16 B C:\Aardvark\whgdata\whexpbar.gif --> magnatar.powweb.com /htdocs/WebFDMS/whgdata whexpbar.gif
2005.01.18 09:16 B C:\Aardvark\whgdata\whlstf0.htm --> magnatar.powweb.com /htdocs/WebFDMS/whgdata whlstf0.htm
2005.01.18 09:16 B C:\Aardvark\whgdata\whlstf1.htm --> magnatar.powweb.com /htdocs/WebFDMS/whgdata whlstf1.htm
2005.01.18 09:16 B C:\Aardvark\whgdata\whlstf10.htm --> magnatar.powweb.com /htdocs/WebFDMS/whgdata whlstf10.htm
2005.01.18 09:16 B C:\Aardvark\whgdata\whlstf11.htm --> magnatar.powweb.com /htdocs/WebFDMS/whgdata whlstf11.htm
2005.01.18 09:16 B C:\Aardvark\whgdata\whlstf12.htm --> magnatar.powweb.com /htdocs/WebFDMS/whgdata whlstf12.htm
2005.01.18 09:17 B C:\Aardvark\whgdata\whlstf2.htm --> magnatar.powweb.com /htdocs/WebFDMS/whgdata whlstf2.htm
2005.01.18 09:17 B C:\Aardvark\whgdata\whlstf3.htm --> magnatar.powweb.com /htdocs/WebFDMS/whgdata whlstf3.htm
2005.01.18 09:17 B C:\Aardvark\whgdata\whlstf4.htm --> magnatar.powweb.com /htdocs/WebFDMS/whgdata whlstf4.htm
2005.01.18 09:17 B C:\Aardvark\whgdata\whlstf5.htm --> magnatar.powweb.com /htdocs/WebFDMS/whgdata whlstf5.htm
2005.01.18 09:17 B C:\Aardvark\whgdata\whlstf6.htm --> magnatar.powweb.com /htdocs/WebFDMS/whgdata whlstf6.htm
2005.01.18 09:17 B C:\Aardvark\whgdata\whlstf7.htm --> magnatar.powweb.com /htdocs/WebFDMS/whgdata whlstf7.htm
2005.01.18 09:17 B C:\Aardvark\whgdata\whlstf8.htm --> magnatar.powweb.com /htdocs/WebFDMS/whgdata whlstf8.htm
2005.01.18 09:17 B C:\Aardvark\whgdata\whlstf9.htm --> magnatar.powweb.com /htdocs/WebFDMS/whgdata whlstf9.htm
2005.01.18 09:17 B C:\Aardvark\whgdata\whlstfl0.htm --> magnatar.powweb.com /htdocs/WebFDMS/whgdata whlstfl0.htm
2005.01.18 09:17 B C:\Aardvark\whgdata\whlstfl1.htm --> magnatar.powweb.com /htdocs/WebFDMS/whgdata whlstfl1.htm
2005.01.18 09:17 B C:\Aardvark\whgdata\whlstfl10.htm --> magnatar.powweb.com /htdocs/WebFDMS/whgdata whlstfl10.htm
2005.01.18 09:17 B C:\Aardvark\whgdata\whlstfl11.htm --> magnatar.powweb.com /htdocs/WebFDMS/whgdata whlstfl11.htm
2005.01.18 09:17 B C:\Aardvark\whgdata\whlstfl12.htm --> magnatar.powweb.com /htdocs/WebFDMS/whgdata whlstfl12.htm
2005.01.18 09:17 B C:\Aardvark\whgdata\whlstfl13.htm --> magnatar.powweb.com /htdocs/WebFDMS/whgdata whlstfl13.htm
2005.01.18 09:17 B C:\Aardvark\whgdata\whlstfl14.htm --> magnatar.powweb.com /htdocs/WebFDMS/whgdata whlstfl14.htm
2005.01.18 09:17 B C:\Aardvark\whgdata\whlstfl15.htm --> magnatar.powweb.com /htdocs/WebFDMS/whgdata whlstfl15.htm
2005.01.18 09:17 B C:\Aardvark\whgdata\whlstfl16.htm --> magnatar.powweb.com /htdocs/WebFDMS/whgdata whlstfl16.htm
2005.01.18 09:17 B C:\Aardvark\whgdata\whlstfl17.htm --> magnatar.powweb.com /htdocs/WebFDMS/whgdata whlstfl17.htm
2005.01.18 09:17 B C:\Aardvark\whgdata\whlstfl18.htm --> magnatar.powweb.com /htdocs/WebFDMS/whgdata whlstfl18.htm
2005.01.18 09:17 B C:\Aardvark\whgdata\whlstfl19.htm --> magnatar.powweb.com /htdocs/WebFDMS/whgdata whlstfl19.htm
2005.01.18 09:17 B C:\Aardvark\whgdata\whlstfl2.htm --> magnatar.powweb.com /htdocs/WebFDMS/whgdata whlstfl2.htm
2005.01.18 09:17 B C:\Aardvark\whgdata\whlstfl20.htm --> magnatar.powweb.com /htdocs/WebFDMS/whgdata whlstfl20.htm
2005.01.18 09:17 B C:\Aardvark\whgdata\whlstfl21.htm --> magnatar.powweb.com /htdocs/WebFDMS/whgdata whlstfl21.htm
2005.01.18 09:17 B C:\Aardvark\whgdata\whlstfl22.htm --> magnatar.powweb.com /htdocs/WebFDMS/whgdata whlstfl22.htm
2005.01.18 09:17 B C:\Aardvark\whgdata\whlstfl3.htm --> magnatar.powweb.com /htdocs/WebFDMS/whgdata whlstfl3.htm
2005.01.18 09:17 B C:\Aardvark\whgdata\whlstfl4.htm --> magnatar.powweb.com /htdocs/WebFDMS/whgdata whlstfl4.htm
2005.01.18 09:17 B C:\Aardvark\whgdata\whlstfl5.htm --> magnatar.powweb.com /htdocs/WebFDMS/whgdata whlstfl5.htm
2005.01.18 09:17 B C:\Aardvark\whgdata\whlstfl6.htm --> magnatar.powweb.com /htdocs/WebFDMS/whgdata whlstfl6.htm
2005.01.18 09:17 B C:\Aardvark\whgdata\whlstfl7.htm --> magnatar.powweb.com /htdocs/WebFDMS/whgdata whlstfl7.htm
2005.01.18 09:17 B C:\Aardvark\whgdata\whlstfl8.htm --> magnatar.powweb.com /htdocs/WebFDMS/whgdata whlstfl8.htm
2005.01.18 09:17 B C:\Aardvark\whgdata\whlstfl9.htm --> magnatar.powweb.com /htdocs/WebFDMS/whgdata whlstfl9.htm
2005.01.18 09:17 B C:\Aardvark\whgdata\whlstg0.htm --> magnatar.powweb.com /htdocs/WebFDMS/whgdata whlstg0.htm
2005.01.18 09:17 B C:\Aardvark\whgdata\whlsti0.htm --> magnatar.powweb.com /htdocs/WebFDMS/whgdata whlsti0.htm
2005.01.18 09:17 B C:\Aardvark\whgdata\whlstt0.htm --> magnatar.powweb.com /htdocs/WebFDMS/whgdata whlstt0.htm
2005.01.18 09:17 B C:\Aardvark\whgdata\whlstt1.htm --> magnatar.powweb.com /htdocs/WebFDMS/whgdata whlstt1.htm
2005.01.18 09:17 B C:\Aardvark\whgdata\whlstt10.htm --> magnatar.powweb.com /htdocs/WebFDMS/whgdata whlstt10.htm
2005.01.18 09:17 B C:\Aardvark\whgdata\whlstt11.htm --> magnatar.powweb.com /htdocs/WebFDMS/whgdata whlstt11.htm
2005.01.18 09:17 B C:\Aardvark\whgdata\whlstt12.htm --> magnatar.powweb.com /htdocs/WebFDMS/whgdata whlstt12.htm
2005.01.18 09:17 B C:\Aardvark\whgdata\whlstt13.htm --> magnatar.powweb.com /htdocs/WebFDMS/whgdata whlstt13.htm
2005.01.18 09:17 B C:\Aardvark\whgdata\whlstt14.htm --> magnatar.powweb.com /htdocs/WebFDMS/whgdata whlstt14.htm
2005.01.18 09:17 B C:\Aardvark\whgdata\whlstt15.htm --> magnatar.powweb.com /htdocs/WebFDMS/whgdata whlstt15.htm
2005.01.18 09:17 B C:\Aardvark\whgdata\whlstt16.htm --> magnatar.powweb.com /htdocs/WebFDMS/whgdata whlstt16.htm
2005.01.18 09:17 B C:\Aardvark\whgdata\whlstt17.htm --> magnatar.powweb.com /htdocs/WebFDMS/whgdata whlstt17.htm
2005.01.18 09:17 B C:\Aardvark\whgdata\whlstt18.htm --> magnatar.powweb.com /htdocs/WebFDMS/whgdata whlstt18.htm
2005.01.18 09:17 B C:\Aardvark\whgdata\whlstt19.htm --> magnatar.powweb.com /htdocs/WebFDMS/whgdata whlstt19.htm
2005.01.18 09:17 B C:\Aardvark\whgdata\whlstt2.htm --> magnatar.powweb.com /htdocs/WebFDMS/whgdata whlstt2.htm
2005.01.18 09:17 B C:\Aardvark\whgdata\whlstt20.htm --> magnatar.powweb.com /htdocs/WebFDMS/whgdata whlstt20.htm
2005.01.18 09:17 B C:\Aardvark\whgdata\whlstt3.htm --> magnatar.powweb.com /htdocs/WebFDMS/whgdata whlstt3.htm
2005.01.18 09:17 B C:\Aardvark\whgdata\whlstt4.htm --> magnatar.powweb.com /htdocs/WebFDMS/whgdata whlstt4.htm
2005.01.18 09:17 B C:\Aardvark\whgdata\whlstt5.htm --> magnatar.powweb.com /htdocs/WebFDMS/whgdata whlstt5.htm
2005.01.18 09:17 B C:\Aardvark\whgdata\whlstt6.htm --> magnatar.powweb.com /htdocs/WebFDMS/whgdata whlstt6.htm
2005.01.18 09:17 B C:\Aardvark\whgdata\whlstt7.htm --> magnatar.powweb.com /htdocs/WebFDMS/whgdata whlstt7.htm
2005.01.18 09:17 B C:\Aardvark\whgdata\whlstt8.htm --> magnatar.powweb.com /htdocs/WebFDMS/whgdata whlstt8.htm
2005.01.18 09:17 B C:\Aardvark\whgdata\whlstt9.htm --> magnatar.powweb.com /htdocs/WebFDMS/whgdata whlstt9.htm
2005.01.18 09:17 B C:\Aardvark\whgdata\whnvf30.htm --> magnatar.powweb.com /htdocs/WebFDMS/whgdata whnvf30.htm
2005.01.18 09:17 B C:\Aardvark\whgdata\whnvf31.htm --> magnatar.powweb.com /htdocs/WebFDMS/whgdata whnvf31.htm
2005.01.18 09:17 B C:\Aardvark\whgdata\whnvf32.htm --> magnatar.powweb.com /htdocs/WebFDMS/whgdata whnvf32.htm
2005.01.18 09:17 B C:\Aardvark\whgdata\whnvf33.htm --> magnatar.powweb.com /htdocs/WebFDMS/whgdata whnvf33.htm
2005.01.18 09:17 B C:\Aardvark\whgdata\whnvl31.htm --> magnatar.powweb.com /htdocs/WebFDMS/whgdata whnvl31.htm
2005.01.18 09:17 B C:\Aardvark\whgdata\whnvl32.htm --> magnatar.powweb.com /htdocs/WebFDMS/whgdata whnvl32.htm
2005.01.18 09:17 B C:\Aardvark\whgdata\whnvl33.htm --> magnatar.powweb.com /htdocs/WebFDMS/whgdata whnvl33.htm
2005.01.18 09:17 B C:\Aardvark\whgdata\whnvp30.htm --> magnatar.powweb.com /htdocs/WebFDMS/whgdata whnvp30.htm
2005.01.18 09:17 B C:\Aardvark\whgdata\whnvp31.htm --> magnatar.powweb.com /htdocs/WebFDMS/whgdata whnvp31.htm
2005.01.18 09:17 B C:\Aardvark\whgdata\whnvp32.htm --> magnatar.powweb.com /htdocs/WebFDMS/whgdata whnvp32.htm
2005.01.18 09:17 B C:\Aardvark\whgdata\whnvp33.htm --> magnatar.powweb.com /htdocs/WebFDMS/whgdata whnvp33.htm
2005.01.18 09:17 B C:\Aardvark\whgdata\whnvt30.htm --> magnatar.powweb.com /htdocs/WebFDMS/whgdata whnvt30.htm
2005.01.18 09:17 B C:\Aardvark\whgdata\whnvt31.htm --> magnatar.powweb.com /htdocs/WebFDMS/whgdata whnvt31.htm
2005.01.18 09:17 B C:\Aardvark\whgdata\whnvt32.htm --> magnatar.powweb.com /htdocs/WebFDMS/whgdata whnvt32.htm
2005.01.18 09:17 B C:\Aardvark\whgdata\whnvt33.htm --> magnatar.powweb.com /htdocs/WebFDMS/whgdata whnvt33.htm
2005.01.18 09:17 B C:\Aardvark\whgdata\WS_FTP.LOG --> magnatar.powweb.com /htdocs/WebFDMS/whgdata WS_FTP.LOG
2005.01.18 09:23 B C:\Aardvark\whgdata\whexpbar.gif --> magnatar.powweb.com /htdocs/WebFDMS/whgdata whexpbar.gif
2005.01.18 09:23 B C:\Aardvark\whgdata\whlstf0.htm --> magnatar.powweb.com /htdocs/WebFDMS/whgdata whlstf0.htm
2005.01.18 09:23 B C:\Aardvark\whgdata\whlstf1.htm --> magnatar.powweb.com /htdocs/WebFDMS/whgdata whlstf1.htm
2005.01.18 09:23 B C:\Aardvark\whgdata\whlstf10.htm --> magnatar.powweb.com /htdocs/WebFDMS/whgdata whlstf10.htm
2005.01.18 09:23 B C:\Aardvark\whgdata\whlstf11.htm --> magnatar.powweb.com /htdocs/WebFDMS/whgdata whlstf11.htm
2005.01.18 09:23 B C:\Aardvark\whgdata\whlstf12.htm --> magnatar.powweb.com /htdocs/WebFDMS/whgdata whlstf12.htm
2005.01.18 09:23 B C:\Aardvark\whgdata\whlstf2.htm --> magnatar.powweb.com /htdocs/WebFDMS/whgdata whlstf2.htm
2005.01.18 09:23 B C:\Aardvark\whgdata\whlstf3.htm --> magnatar.powweb.com /htdocs/WebFDMS/whgdata whlstf3.htm
2005.01.18 09:23 B C:\Aardvark\whgdata\whlstf4.htm --> magnatar.powweb.com /htdocs/WebFDMS/whgdata whlstf4.htm
2005.01.18 09:23 B C:\Aardvark\whgdata\whlstf5.htm --> magnatar.powweb.com /htdocs/WebFDMS/whgdata whlstf5.htm
2005.01.18 09:23 B C:\Aardvark\whgdata\whlstf6.htm --> magnatar.powweb.com /htdocs/WebFDMS/whgdata whlstf6.htm
2005.01.18 09:23 B C:\Aardvark\whgdata\whlstf7.htm --> magnatar.powweb.com /htdocs/WebFDMS/whgdata whlstf7.htm
2005.01.18 09:23 B C:\Aardvark\whgdata\whlstf8.htm --> magnatar.powweb.com /htdocs/WebFDMS/whgdata whlstf8.htm
2005.01.18 09:23 B C:\Aardvark\whgdata\whlstf9.htm --> magnatar.powweb.com /htdocs/WebFDMS/whgdata whlstf9.htm
2005.01.18 09:23 B C:\Aardvark\whgdata\whlstfl0.htm --> magnatar.powweb.com /htdocs/WebFDMS/whgdata whlstfl0.htm
2005.01.18 09:23 B C:\Aardvark\whgdata\whlstfl1.htm --> magnatar.powweb.com /htdocs/WebFDMS/whgdata whlstfl1.htm
2005.01.18 09:23 B C:\Aardvark\whgdata\whlstfl10.htm --> magnatar.powweb.com /htdocs/WebFDMS/whgdata whlstfl10.htm
2005.01.18 09:23 B C:\Aardvark\whgdata\whlstfl11.htm --> magnatar.powweb.com /htdocs/WebFDMS/whgdata whlstfl11.htm
2005.01.18 09:23 B C:\Aardvark\whgdata\whlstfl12.htm --> magnatar.powweb.com /htdocs/WebFDMS/whgdata whlstfl12.htm
2005.01.18 09:23 B C:\Aardvark\whgdata\whlstfl13.htm --> magnatar.powweb.com /htdocs/WebFDMS/whgdata whlstfl13.htm
2005.01.18 09:23 B C:\Aardvark\whgdata\whlstfl14.htm --> magnatar.powweb.com /htdocs/WebFDMS/whgdata whlstfl14.htm
2005.01.18 09:23 B C:\Aardvark\whgdata\whlstfl15.htm --> magnatar.powweb.com /htdocs/WebFDMS/whgdata whlstfl15.htm
2005.01.18 09:23 B C:\Aardvark\whgdata\whlstfl16.htm --> magnatar.powweb.com /htdocs/WebFDMS/whgdata whlstfl16.htm
2005.01.18 09:23 B C:\Aardvark\whgdata\whlstfl17.htm --> magnatar.powweb.com /htdocs/WebFDMS/whgdata whlstfl17.htm
2005.01.18 09:23 B C:\Aardvark\whgdata\whlstfl18.htm --> magnatar.powweb.com /htdocs/WebFDMS/whgdata whlstfl18.htm
2005.01.18 09:23 B C:\Aardvark\whgdata\whlstfl19.htm --> magnatar.powweb.com /htdocs/WebFDMS/whgdata whlstfl19.htm
2005.01.18 09:23 B C:\Aardvark\whgdata\whlstfl2.htm --> magnatar.powweb.com /htdocs/WebFDMS/whgdata whlstfl2.htm
2005.01.18 09:23 B C:\Aardvark\whgdata\whlstfl20.htm --> magnatar.powweb.com /htdocs/WebFDMS/whgdata whlstfl20.htm
2005.01.18 09:23 B C:\Aardvark\whgdata\whlstfl21.htm --> magnatar.powweb.com /htdocs/WebFDMS/whgdata whlstfl21.htm
2005.01.18 09:23 B C:\Aardvark\whgdata\whlstfl22.htm --> magnatar.powweb.com /htdocs/WebFDMS/whgdata whlstfl22.htm
2005.01.18 09:23 B C:\Aardvark\whgdata\whlstfl3.htm --> magnatar.powweb.com /htdocs/WebFDMS/whgdata whlstfl3.htm
2005.01.18 09:23 B C:\Aardvark\whgdata\whlstfl4.htm --> magnatar.powweb.com /htdocs/WebFDMS/whgdata whlstfl4.htm
2005.01.18 09:23 B C:\Aardvark\whgdata\whlstfl5.htm --> magnatar.powweb.com /htdocs/WebFDMS/whgdata whlstfl5.htm
2005.01.18 09:23 B C:\Aardvark\whgdata\whlstfl6.htm --> magnatar.powweb.com /htdocs/WebFDMS/whgdata whlstfl6.htm
2005.01.18 09:23 B C:\Aardvark\whgdata\whlstfl7.htm --> magnatar.powweb.com /htdocs/WebFDMS/whgdata whlstfl7.htm
2005.01.18 09:23 B C:\Aardvark\whgdata\whlstfl8.htm --> magnatar.powweb.com /htdocs/WebFDMS/whgdata whlstfl8.htm
2005.01.18 09:23 B C:\Aardvark\whgdata\whlstfl9.htm --> magnatar.powweb.com /htdocs/WebFDMS/whgdata whlstfl9.htm
2005.01.18 09:23 B C:\Aardvark\whgdata\whlstg0.htm --> magnatar.powweb.com /htdocs/WebFDMS/whgdata whlstg0.htm
2005.01.18 09:23 B C:\Aardvark\whgdata\whlsti0.htm --> magnatar.powweb.com /htdocs/WebFDMS/whgdata whlsti0.htm
2005.01.18 09:23 B C:\Aardvark\whgdata\whlstt0.htm --> magnatar.powweb.com /htdocs/WebFDMS/whgdata whlstt0.htm
2005.01.18 09:23 B C:\Aardvark\whgdata\whlstt1.htm --> magnatar.powweb.com /htdocs/WebFDMS/whgdata whlstt1.htm
2005.01.18 09:23 B C:\Aardvark\whgdata\whlstt10.htm --> magnatar.powweb.com /htdocs/WebFDMS/whgdata whlstt10.htm
2005.01.18 09:23 B C:\Aardvark\whgdata\whlstt11.htm --> magnatar.powweb.com /htdocs/WebFDMS/whgdata whlstt11.htm
2005.01.18 09:23 B C:\Aardvark\whgdata\whlstt12.htm --> magnatar.powweb.com /htdocs/WebFDMS/whgdata whlstt12.htm
2005.01.18 09:23 B C:\Aardvark\whgdata\whlstt13.htm --> magnatar.powweb.com /htdocs/WebFDMS/whgdata whlstt13.htm
2005.01.18 09:23 B C:\Aardvark\whgdata\whlstt14.htm --> magnatar.powweb.com /htdocs/WebFDMS/whgdata whlstt14.htm
2005.01.18 09:23 B C:\Aardvark\whgdata\whlstt15.htm --> magnatar.powweb.com /htdocs/WebFDMS/whgdata whlstt15.htm
2005.01.18 09:23 B C:\Aardvark\whgdata\whlstt16.htm --> magnatar.powweb.com /htdocs/WebFDMS/whgdata whlstt16.htm
2005.01.18 09:24 B C:\Aardvark\whgdata\whlstt17.htm --> magnatar.powweb.com /htdocs/WebFDMS/whgdata whlstt17.htm
2005.01.18 09:24 B C:\Aardvark\whgdata\whlstt18.htm --> magnatar.powweb.com /htdocs/WebFDMS/whgdata whlstt18.htm
2005.01.18 09:24 B C:\Aardvark\whgdata\whlstt19.htm --> magnatar.powweb.com /htdocs/WebFDMS/whgdata whlstt19.htm
2005.01.18 09:24 B C:\Aardvark\whgdata\whlstt2.htm --> magnatar.powweb.com /htdocs/WebFDMS/whgdata whlstt2.htm
2005.01.18 09:24 B C:\Aardvark\whgdata\whlstt20.htm --> magnatar.powweb.com /htdocs/WebFDMS/whgdata whlstt20.htm
2005.01.18 09:24 B C:\Aardvark\whgdata\whlstt3.htm --> magnatar.powweb.com /htdocs/WebFDMS/whgdata whlstt3.htm
2005.01.18 09:24 B C:\Aardvark\whgdata\whlstt4.htm --> magnatar.powweb.com /htdocs/WebFDMS/whgdata whlstt4.htm
2005.01.18 09:24 B C:\Aardvark\whgdata\whlstt5.htm --> magnatar.powweb.com /htdocs/WebFDMS/whgdata whlstt5.htm
2005.01.18 09:24 B C:\Aardvark\whgdata\whlstt6.htm --> magnatar.powweb.com /htdocs/WebFDMS/whgdata whlstt6.htm
2005.01.18 09:24 B C:\Aardvark\whgdata\whlstt7.htm --> magnatar.powweb.com /htdocs/WebFDMS/whgdata whlstt7.htm
2005.01.18 09:24 B C:\Aardvark\whgdata\whlstt8.htm --> magnatar.powweb.com /htdocs/WebFDMS/whgdata whlstt8.htm
2005.01.18 09:24 B C:\Aardvark\whgdata\whlstt9.htm --> magnatar.powweb.com /htdocs/WebFDMS/whgdata whlstt9.htm
2005.01.18 09:24 B C:\Aardvark\whgdata\whnvf30.htm --> magnatar.powweb.com /htdocs/WebFDMS/whgdata whnvf30.htm
2005.01.18 09:24 B C:\Aardvark\whgdata\whnvf31.htm --> magnatar.powweb.com /htdocs/WebFDMS/whgdata whnvf31.htm
2005.01.18 09:24 B C:\Aardvark\whgdata\whnvf32.htm --> magnatar.powweb.com /htdocs/WebFDMS/whgdata whnvf32.htm
2005.01.18 09:24 B C:\Aardvark\whgdata\whnvf33.htm --> magnatar.powweb.com /htdocs/WebFDMS/whgdata whnvf33.htm
2005.01.18 09:24 B C:\Aardvark\whgdata\whnvl31.htm --> magnatar.powweb.com /htdocs/WebFDMS/whgdata whnvl31.htm
2005.01.18 09:24 B C:\Aardvark\whgdata\whnvl32.htm --> magnatar.powweb.com /htdocs/WebFDMS/whgdata whnvl32.htm
2005.01.18 09:24 B C:\Aardvark\whgdata\whnvl33.htm --> magnatar.powweb.com /htdocs/WebFDMS/whgdata whnvl33.htm
2005.01.18 09:24 B C:\Aardvark\whgdata\whnvp30.htm --> magnatar.powweb.com /htdocs/WebFDMS/whgdata whnvp30.htm
2005.01.18 09:24 B C:\Aardvark\whgdata\whnvp31.htm --> magnatar.powweb.com /htdocs/WebFDMS/whgdata whnvp31.htm
2005.01.18 09:24 B C:\Aardvark\whgdata\whnvp32.htm --> magnatar.powweb.com /htdocs/WebFDMS/whgdata whnvp32.htm
2005.01.18 09:24 B C:\Aardvark\whgdata\whnvp33.htm --> magnatar.powweb.com /htdocs/WebFDMS/whgdata whnvp33.htm
2005.01.18 09:24 B C:\Aardvark\whgdata\whnvt30.htm --> magnatar.powweb.com /htdocs/WebFDMS/whgdata whnvt30.htm
2005.01.18 09:24 B C:\Aardvark\whgdata\whnvt31.htm --> magnatar.powweb.com /htdocs/WebFDMS/whgdata whnvt31.htm
2005.01.18 09:24 B C:\Aardvark\whgdata\whnvt32.htm --> magnatar.powweb.com /htdocs/WebFDMS/whgdata whnvt32.htm
2005.01.18 09:24 B C:\Aardvark\whgdata\whnvt33.htm --> magnatar.powweb.com /htdocs/WebFDMS/whgdata whnvt33.htm
2005.01.18 09:24 B C:\Aardvark\whgdata\WS_FTP.LOG --> magnatar.powweb.com /htdocs/WebFDMS/whgdata WS_FTP.LOG
2005.01.19 12:32 B C:\Aardvark\whgdata\whexpbar.gif --> magnatar.powweb.com /htdocs/WebFDMS/whgdata whexpbar.gif
2005.01.19 12:32 B C:\Aardvark\whgdata\whlstf0.htm --> magnatar.powweb.com /htdocs/WebFDMS/whgdata whlstf0.htm
2005.01.19 12:32 B C:\Aardvark\whgdata\whlstf1.htm --> magnatar.powweb.com /htdocs/WebFDMS/whgdata whlstf1.htm
2005.01.19 12:32 B C:\Aardvark\whgdata\whlstf10.htm --> magnatar.powweb.com /htdocs/WebFDMS/whgdata whlstf10.htm
2005.01.19 12:32 B C:\Aardvark\whgdata\whlstf11.htm --> magnatar.powweb.com /htdocs/WebFDMS/whgdata whlstf11.htm
2005.01.19 12:32 B C:\Aardvark\whgdata\whlstf2.htm --> magnatar.powweb.com /htdocs/WebFDMS/whgdata whlstf2.htm
2005.01.19 12:32 B C:\Aardvark\whgdata\whlstf3.htm --> magnatar.powweb.com /htdocs/WebFDMS/whgdata whlstf3.htm
2005.01.19 12:32 B C:\Aardvark\whgdata\whlstf4.htm --> magnatar.powweb.com /htdocs/WebFDMS/whgdata whlstf4.htm
2005.01.19 12:32 B C:\Aardvark\whgdata\whlstf5.htm --> magnatar.powweb.com /htdocs/WebFDMS/whgdata whlstf5.htm
2005.01.19 12:32 B C:\Aardvark\whgdata\whlstf6.htm --> magnatar.powweb.com /htdocs/WebFDMS/whgdata whlstf6.htm
2005.01.19 12:32 B C:\Aardvark\whgdata\whlstf7.htm --> magnatar.powweb.com /htdocs/WebFDMS/whgdata whlstf7.htm
2005.01.19 12:32 B C:\Aardvark\whgdata\whlstf8.htm --> magnatar.powweb.com /htdocs/WebFDMS/whgdata whlstf8.htm
2005.01.19 12:32 B C:\Aardvark\whgdata\whlstf9.htm --> magnatar.powweb.com /htdocs/WebFDMS/whgdata whlstf9.htm
2005.01.19 12:32 B C:\Aardvark\whgdata\whlstfl0.htm --> magnatar.powweb.com /htdocs/WebFDMS/whgdata whlstfl0.htm
2005.01.19 12:32 B C:\Aardvark\whgdata\whlstfl1.htm --> magnatar.powweb.com /htdocs/WebFDMS/whgdata whlstfl1.htm
2005.01.19 12:32 B C:\Aardvark\whgdata\whlstfl10.htm --> magnatar.powweb.com /htdocs/WebFDMS/whgdata whlstfl10.htm
2005.01.19 12:32 B C:\Aardvark\whgdata\whlstfl11.htm --> magnatar.powweb.com /htdocs/WebFDMS/whgdata whlstfl11.htm
2005.01.19 12:32 B C:\Aardvark\whgdata\whlstfl12.htm --> magnatar.powweb.com /htdocs/WebFDMS/whgdata whlstfl12.htm
2005.01.19 12:32 B C:\Aardvark\whgdata\whlstfl13.htm --> magnatar.powweb.com /htdocs/WebFDMS/whgdata whlstfl13.htm
2005.01.19 12:32 B C:\Aardvark\whgdata\whlstfl14.htm --> magnatar.powweb.com /htdocs/WebFDMS/whgdata whlstfl14.htm
2005.01.19 12:32 B C:\Aardvark\whgdata\whlstfl15.htm --> magnatar.powweb.com /htdocs/WebFDMS/whgdata whlstfl15.htm
2005.01.19 12:32 B C:\Aardvark\whgdata\whlstfl16.htm --> magnatar.powweb.com /htdocs/WebFDMS/whgdata whlstfl16.htm
2005.01.19 12:32 B C:\Aardvark\whgdata\whlstfl17.htm --> magnatar.powweb.com /htdocs/WebFDMS/whgdata whlstfl17.htm
2005.01.19 12:32 B C:\Aardvark\whgdata\whlstfl18.htm --> magnatar.powweb.com /htdocs/WebFDMS/whgdata whlstfl18.htm
2005.01.19 12:32 B C:\Aardvark\whgdata\whlstfl19.htm --> magnatar.powweb.com /htdocs/WebFDMS/whgdata whlstfl19.htm
2005.01.19 12:32 B C:\Aardvark\whgdata\whlstfl2.htm --> magnatar.powweb.com /htdocs/WebFDMS/whgdata whlstfl2.htm
2005.01.19 12:32 B C:\Aardvark\whgdata\whlstfl20.htm --> magnatar.powweb.com /htdocs/WebFDMS/whgdata whlstfl20.htm
2005.01.19 12:32 B C:\Aardvark\whgdata\whlstfl21.htm --> magnatar.powweb.com /htdocs/WebFDMS/whgdata whlstfl21.htm
2005.01.19 12:32 B C:\Aardvark\whgdata\whlstfl22.htm --> magnatar.powweb.com /htdocs/WebFDMS/whgdata whlstfl22.htm
2005.01.19 12:32 B C:\Aardvark\whgdata\whlstfl3.htm --> magnatar.powweb.com /htdocs/WebFDMS/whgdata whlstfl3.htm
2005.01.19 12:32 B C:\Aardvark\whgdata\whlstfl4.htm --> magnatar.powweb.com /htdocs/WebFDMS/whgdata whlstfl4.htm
2005.01.19 12:32 B C:\Aardvark\whgdata\whlstfl5.htm --> magnatar.powweb.com /htdocs/WebFDMS/whgdata whlstfl5.htm
2005.01.19 12:32 B C:\Aardvark\whgdata\whlstfl6.htm --> magnatar.powweb.com /htdocs/WebFDMS/whgdata whlstfl6.htm
2005.01.19 12:32 B C:\Aardvark\whgdata\whlstfl7.htm --> magnatar.powweb.com /htdocs/WebFDMS/whgdata whlstfl7.htm
2005.01.19 12:32 B C:\Aardvark\whgdata\whlstfl8.htm --> magnatar.powweb.com /htdocs/WebFDMS/whgdata whlstfl8.htm
2005.01.19 12:32 B C:\Aardvark\whgdata\whlstfl9.htm --> magnatar.powweb.com /htdocs/WebFDMS/whgdata whlstfl9.htm
2005.01.19 12:32 B C:\Aardvark\whgdata\whlstg0.htm --> magnatar.powweb.com /htdocs/WebFDMS/whgdata whlstg0.htm
2005.01.19 12:32 B C:\Aardvark\whgdata\whlsti0.htm --> magnatar.powweb.com /htdocs/WebFDMS/whgdata whlsti0.htm
2005.01.19 12:32 B C:\Aardvark\whgdata\whlstt0.htm --> magnatar.powweb.com /htdocs/WebFDMS/whgdata whlstt0.htm
2005.01.19 12:32 B C:\Aardvark\whgdata\whlstt1.htm --> magnatar.powweb.com /htdocs/WebFDMS/whgdata whlstt1.htm
2005.01.19 12:32 B C:\Aardvark\whgdata\whlstt10.htm --> magnatar.powweb.com /htdocs/WebFDMS/whgdata whlstt10.htm
2005.01.19 12:32 B C:\Aardvark\whgdata\whlstt11.htm --> magnatar.powweb.com /htdocs/WebFDMS/whgdata whlstt11.htm
2005.01.19 12:32 B C:\Aardvark\whgdata\whlstt12.htm --> magnatar.powweb.com /htdocs/WebFDMS/whgdata whlstt12.htm
2005.01.19 12:32 B C:\Aardvark\whgdata\whlstt13.htm --> magnatar.powweb.com /htdocs/WebFDMS/whgdata whlstt13.htm
2005.01.19 12:32 B C:\Aardvark\whgdata\whlstt14.htm --> magnatar.powweb.com /htdocs/WebFDMS/whgdata whlstt14.htm
2005.01.19 12:32 B C:\Aardvark\whgdata\whlstt15.htm --> magnatar.powweb.com /htdocs/WebFDMS/whgdata whlstt15.htm
2005.01.19 12:32 B C:\Aardvark\whgdata\whlstt16.htm --> magnatar.powweb.com /htdocs/WebFDMS/whgdata whlstt16.htm
2005.01.19 12:32 B C:\Aardvark\whgdata\whlstt17.htm --> magnatar.powweb.com /htdocs/WebFDMS/whgdata whlstt17.htm
2005.01.19 12:32 B C:\Aardvark\whgdata\whlstt18.htm --> magnatar.powweb.com /htdocs/WebFDMS/whgdata whlstt18.htm
2005.01.19 12:32 B C:\Aardvark\whgdata\whlstt2.htm --> magnatar.powweb.com /htdocs/WebFDMS/whgdata whlstt2.htm
2005.01.19 12:32 B C:\Aardvark\whgdata\whlstt3.htm --> magnatar.powweb.com /htdocs/WebFDMS/whgdata whlstt3.htm
2005.01.19 12:32 B C:\Aardvark\whgdata\whlstt4.htm --> magnatar.powweb.com /htdocs/WebFDMS/whgdata whlstt4.htm
2005.01.19 12:32 B C:\Aardvark\whgdata\whlstt5.htm --> magnatar.powweb.com /htdocs/WebFDMS/whgdata whlstt5.htm
2005.01.19 12:32 B C:\Aardvark\whgdata\whlstt6.htm --> magnatar.powweb.com /htdocs/WebFDMS/whgdata whlstt6.htm
2005.01.19 12:32 B C:\Aardvark\whgdata\whlstt7.htm --> magnatar.powweb.com /htdocs/WebFDMS/whgdata whlstt7.htm
2005.01.19 12:32 B C:\Aardvark\whgdata\whlstt8.htm --> magnatar.powweb.com /htdocs/WebFDMS/whgdata whlstt8.htm
2005.01.19 12:32 B C:\Aardvark\whgdata\whlstt9.htm --> magnatar.powweb.com /htdocs/WebFDMS/whgdata whlstt9.htm
2005.01.19 12:32 B C:\Aardvark\whgdata\whnvf30.htm --> magnatar.powweb.com /htdocs/WebFDMS/whgdata whnvf30.htm
2005.01.19 12:32 B C:\Aardvark\whgdata\whnvf31.htm --> magnatar.powweb.com /htdocs/WebFDMS/whgdata whnvf31.htm
2005.01.19 12:32 B C:\Aardvark\whgdata\whnvf32.htm --> magnatar.powweb.com /htdocs/WebFDMS/whgdata whnvf32.htm
2005.01.19 12:32 B C:\Aardvark\whgdata\whnvf33.htm --> magnatar.powweb.com /htdocs/WebFDMS/whgdata whnvf33.htm
2005.01.19 12:32 B C:\Aardvark\whgdata\whnvl31.htm --> magnatar.powweb.com /htdocs/WebFDMS/whgdata whnvl31.htm
2005.01.19 12:32 B C:\Aardvark\whgdata\whnvl32.htm --> magnatar.powweb.com /htdocs/WebFDMS/whgdata whnvl32.htm
2005.01.19 12:32 B C:\Aardvark\whgdata\whnvl33.htm --> magnatar.powweb.com /htdocs/WebFDMS/whgdata whnvl33.htm
2005.01.19 12:32 B C:\Aardvark\whgdata\whnvp30.htm --> magnatar.powweb.com /htdocs/WebFDMS/whgdata whnvp30.htm
2005.01.19 12:32 B C:\Aardvark\whgdata\whnvp31.htm --> magnatar.powweb.com /htdocs/WebFDMS/whgdata whnvp31.htm
2005.01.19 12:32 B C:\Aardvark\whgdata\whnvp32.htm --> magnatar.powweb.com /htdocs/WebFDMS/whgdata whnvp32.htm
2005.01.19 12:32 B C:\Aardvark\whgdata\whnvp33.htm --> magnatar.powweb.com /htdocs/WebFDMS/whgdata whnvp33.htm
2005.01.19 12:32 B C:\Aardvark\whgdata\whnvt30.htm --> magnatar.powweb.com /htdocs/WebFDMS/whgdata whnvt30.htm
2005.01.19 12:32 B C:\Aardvark\whgdata\whnvt31.htm --> magnatar.powweb.com /htdocs/WebFDMS/whgdata whnvt31.htm
2005.01.19 12:32 B C:\Aardvark\whgdata\whnvt32.htm --> magnatar.powweb.com /htdocs/WebFDMS/whgdata whnvt32.htm
2005.01.19 12:32 B C:\Aardvark\whgdata\whnvt33.htm --> magnatar.powweb.com /htdocs/WebFDMS/whgdata whnvt33.htm
2005.01.19 12:32 B C:\Aardvark\whgdata\WS_FTP.LOG --> magnatar.powweb.com /htdocs/WebFDMS/whgdata WS_FTP.LOG
2005.01.19 12:50 B C:\Aardvark\whgdata\whexpbar.gif --> magnatar.powweb.com /htdocs/WebFDMS/whgdata whexpbar.gif
2005.01.19 12:50 B C:\Aardvark\whgdata\whlstf0.htm --> magnatar.powweb.com /htdocs/WebFDMS/whgdata whlstf0.htm
2005.01.19 12:50 B C:\Aardvark\whgdata\whlstf1.htm --> magnatar.powweb.com /htdocs/WebFDMS/whgdata whlstf1.htm
2005.01.19 12:50 B C:\Aardvark\whgdata\whlstf10.htm --> magnatar.powweb.com /htdocs/WebFDMS/whgdata whlstf10.htm
2005.01.19 12:50 B C:\Aardvark\whgdata\whlstf11.htm --> magnatar.powweb.com /htdocs/WebFDMS/whgdata whlstf11.htm
2005.01.19 12:50 B C:\Aardvark\whgdata\whlstf2.htm --> magnatar.powweb.com /htdocs/WebFDMS/whgdata whlstf2.htm
2005.01.19 12:50 B C:\Aardvark\whgdata\whlstf3.htm --> magnatar.powweb.com /htdocs/WebFDMS/whgdata whlstf3.htm
2005.01.19 12:50 B C:\Aardvark\whgdata\whlstf4.htm --> magnatar.powweb.com /htdocs/WebFDMS/whgdata whlstf4.htm
2005.01.19 12:50 B C:\Aardvark\whgdata\whlstf5.htm --> magnatar.powweb.com /htdocs/WebFDMS/whgdata whlstf5.htm
2005.01.19 12:50 B C:\Aardvark\whgdata\whlstf6.htm --> magnatar.powweb.com /htdocs/WebFDMS/whgdata whlstf6.htm
2005.01.19 12:50 B C:\Aardvark\whgdata\whlstf7.htm --> magnatar.powweb.com /htdocs/WebFDMS/whgdata whlstf7.htm
2005.01.19 12:50 B C:\Aardvark\whgdata\whlstf8.htm --> magnatar.powweb.com /htdocs/WebFDMS/whgdata whlstf8.htm
2005.01.19 12:50 B C:\Aardvark\whgdata\whlstf9.htm --> magnatar.powweb.com /htdocs/WebFDMS/whgdata whlstf9.htm
2005.01.19 12:50 B C:\Aardvark\whgdata\whlstfl0.htm --> magnatar.powweb.com /htdocs/WebFDMS/whgdata whlstfl0.htm
2005.01.19 12:50 B C:\Aardvark\whgdata\whlstfl1.htm --> magnatar.powweb.com /htdocs/WebFDMS/whgdata whlstfl1.htm
2005.01.19 12:50 B C:\Aardvark\whgdata\whlstfl10.htm --> magnatar.powweb.com /htdocs/WebFDMS/whgdata whlstfl10.htm
2005.01.19 12:50 B C:\Aardvark\whgdata\whlstfl11.htm --> magnatar.powweb.com /htdocs/WebFDMS/whgdata whlstfl11.htm
2005.01.19 12:50 B C:\Aardvark\whgdata\whlstfl12.htm --> magnatar.powweb.com /htdocs/WebFDMS/whgdata whlstfl12.htm
2005.01.19 12:50 B C:\Aardvark\whgdata\whlstfl13.htm --> magnatar.powweb.com /htdocs/WebFDMS/whgdata whlstfl13.htm
2005.01.19 12:50 B C:\Aardvark\whgdata\whlstfl14.htm --> magnatar.powweb.com /htdocs/WebFDMS/whgdata whlstfl14.htm
2005.01.19 12:50 B C:\Aardvark\whgdata\whlstfl15.htm --> magnatar.powweb.com /htdocs/WebFDMS/whgdata whlstfl15.htm
2005.01.19 12:50 B C:\Aardvark\whgdata\whlstfl16.htm --> magnatar.powweb.com /htdocs/WebFDMS/whgdata whlstfl16.htm
2005.01.19 12:50 B C:\Aardvark\whgdata\whlstfl17.htm --> magnatar.powweb.com /htdocs/WebFDMS/whgdata whlstfl17.htm
2005.01.19 12:50 B C:\Aardvark\whgdata\whlstfl18.htm --> magnatar.powweb.com /htdocs/WebFDMS/whgdata whlstfl18.htm
2005.01.19 12:50 B C:\Aardvark\whgdata\whlstfl19.htm --> magnatar.powweb.com /htdocs/WebFDMS/whgdata whlstfl19.htm
2005.01.19 12:50 B C:\Aardvark\whgdata\whlstfl2.htm --> magnatar.powweb.com /htdocs/WebFDMS/whgdata whlstfl2.htm
2005.01.19 12:50 B C:\Aardvark\whgdata\whlstfl20.htm --> magnatar.powweb.com /htdocs/WebFDMS/whgdata whlstfl20.htm
2005.01.19 12:50 B C:\Aardvark\whgdata\whlstfl21.htm --> magnatar.powweb.com /htdocs/WebFDMS/whgdata whlstfl21.htm
2005.01.19 12:50 B C:\Aardvark\whgdata\whlstfl22.htm --> magnatar.powweb.com /htdocs/WebFDMS/whgdata whlstfl22.htm
2005.01.19 12:50 B C:\Aardvark\whgdata\whlstfl3.htm --> magnatar.powweb.com /htdocs/WebFDMS/whgdata whlstfl3.htm
2005.01.19 12:50 B C:\Aardvark\whgdata\whlstfl4.htm --> magnatar.powweb.com /htdocs/WebFDMS/whgdata whlstfl4.htm
2005.01.19 12:50 B C:\Aardvark\whgdata\whlstfl5.htm --> magnatar.powweb.com /htdocs/WebFDMS/whgdata whlstfl5.htm
2005.01.19 12:50 B C:\Aardvark\whgdata\whlstfl6.htm --> magnatar.powweb.com /htdocs/WebFDMS/whgdata whlstfl6.htm
2005.01.19 12:50 B C:\Aardvark\whgdata\whlstfl7.htm --> magnatar.powweb.com /htdocs/WebFDMS/whgdata whlstfl7.htm
2005.01.19 12:50 B C:\Aardvark\whgdata\whlstfl8.htm --> magnatar.powweb.com /htdocs/WebFDMS/whgdata whlstfl8.htm
2005.01.19 12:50 B C:\Aardvark\whgdata\whlstfl9.htm --> magnatar.powweb.com /htdocs/WebFDMS/whgdata whlstfl9.htm
2005.01.19 12:50 B C:\Aardvark\whgdata\whlstg0.htm --> magnatar.powweb.com /htdocs/WebFDMS/whgdata whlstg0.htm
2005.01.19 12:50 B C:\Aardvark\whgdata\whlsti0.htm --> magnatar.powweb.com /htdocs/WebFDMS/whgdata whlsti0.htm
2005.01.19 12:50 B C:\Aardvark\whgdata\whlstt0.htm --> magnatar.powweb.com /htdocs/WebFDMS/whgdata whlstt0.htm
2005.01.19 12:50 B C:\Aardvark\whgdata\whlstt1.htm --> magnatar.powweb.com /htdocs/WebFDMS/whgdata whlstt1.htm
2005.01.19 12:50 B C:\Aardvark\whgdata\whlstt10.htm --> magnatar.powweb.com /htdocs/WebFDMS/whgdata whlstt10.htm
2005.01.19 12:50 B C:\Aardvark\whgdata\whlstt11.htm --> magnatar.powweb.com /htdocs/WebFDMS/whgdata whlstt11.htm
2005.01.19 12:50 B C:\Aardvark\whgdata\whlstt12.htm --> magnatar.powweb.com /htdocs/WebFDMS/whgdata whlstt12.htm
2005.01.19 12:50 B C:\Aardvark\whgdata\whlstt13.htm --> magnatar.powweb.com /htdocs/WebFDMS/whgdata whlstt13.htm
2005.01.19 12:50 B C:\Aardvark\whgdata\whlstt14.htm --> magnatar.powweb.com /htdocs/WebFDMS/whgdata whlstt14.htm
2005.01.19 12:50 B C:\Aardvark\whgdata\whlstt15.htm --> magnatar.powweb.com /htdocs/WebFDMS/whgdata whlstt15.htm
2005.01.19 12:50 B C:\Aardvark\whgdata\whlstt16.htm --> magnatar.powweb.com /htdocs/WebFDMS/whgdata whlstt16.htm
2005.01.19 12:50 B C:\Aardvark\whgdata\whlstt17.htm --> magnatar.powweb.com /htdocs/WebFDMS/whgdata whlstt17.htm
2005.01.19 12:50 B C:\Aardvark\whgdata\whlstt18.htm --> magnatar.powweb.com /htdocs/WebFDMS/whgdata whlstt18.htm
2005.01.19 12:50 B C:\Aardvark\whgdata\whlstt2.htm --> magnatar.powweb.com /htdocs/WebFDMS/whgdata whlstt2.htm
2005.01.19 12:50 B C:\Aardvark\whgdata\whlstt3.htm --> magnatar.powweb.com /htdocs/WebFDMS/whgdata whlstt3.htm
2005.01.19 12:50 B C:\Aardvark\whgdata\whlstt4.htm --> magnatar.powweb.com /htdocs/WebFDMS/whgdata whlstt4.htm
2005.01.19 12:50 B C:\Aardvark\whgdata\whlstt5.htm --> magnatar.powweb.com /htdocs/WebFDMS/whgdata whlstt5.htm
2005.01.19 12:50 B C:\Aardvark\whgdata\whlstt6.htm --> magnatar.powweb.com /htdocs/WebFDMS/whgdata whlstt6.htm
2005.01.19 12:50 B C:\Aardvark\whgdata\whlstt7.htm --> magnatar.powweb.com /htdocs/WebFDMS/whgdata whlstt7.htm
2005.01.19 12:50 B C:\Aardvark\whgdata\whlstt8.htm --> magnatar.powweb.com /htdocs/WebFDMS/whgdata whlstt8.htm
2005.01.19 12:50 B C:\Aardvark\whgdata\whlstt9.htm --> magnatar.powweb.com /htdocs/WebFDMS/whgdata whlstt9.htm
2005.01.19 12:50 B C:\Aardvark\whgdata\whnvf30.htm --> magnatar.powweb.com /htdocs/WebFDMS/whgdata whnvf30.htm
2005.01.19 12:50 B C:\Aardvark\whgdata\whnvf31.htm --> magnatar.powweb.com /htdocs/WebFDMS/whgdata whnvf31.htm
2005.01.19 12:50 B C:\Aardvark\whgdata\whnvf32.htm --> magnatar.powweb.com /htdocs/WebFDMS/whgdata whnvf32.htm
2005.01.19 12:50 B C:\Aardvark\whgdata\whnvf33.htm --> magnatar.powweb.com /htdocs/WebFDMS/whgdata whnvf33.htm
2005.01.19 12:50 B C:\Aardvark\whgdata\whnvl31.htm --> magnatar.powweb.com /htdocs/WebFDMS/whgdata whnvl31.htm
2005.01.19 12:50 B C:\Aardvark\whgdata\whnvl32.htm --> magnatar.powweb.com /htdocs/WebFDMS/whgdata whnvl32.htm
2005.01.19 12:50 B C:\Aardvark\whgdata\whnvl33.htm --> magnatar.powweb.com /htdocs/WebFDMS/whgdata whnvl33.htm
2005.01.19 12:50 B C:\Aardvark\whgdata\whnvp30.htm --> magnatar.powweb.com /htdocs/WebFDMS/whgdata whnvp30.htm
2005.01.19 12:50 B C:\Aardvark\whgdata\whnvp31.htm --> magnatar.powweb.com /htdocs/WebFDMS/whgdata whnvp31.htm
2005.01.19 12:50 B C:\Aardvark\whgdata\whnvp32.htm --> magnatar.powweb.com /htdocs/WebFDMS/whgdata whnvp32.htm
2005.01.19 12:50 B C:\Aardvark\whgdata\whnvp33.htm --> magnatar.powweb.com /htdocs/WebFDMS/whgdata whnvp33.htm
2005.01.19 12:50 B C:\Aardvark\whgdata\whnvt30.htm --> magnatar.powweb.com /htdocs/WebFDMS/whgdata whnvt30.htm
2005.01.19 12:50 B C:\Aardvark\whgdata\whnvt31.htm --> magnatar.powweb.com /htdocs/WebFDMS/whgdata whnvt31.htm
2005.01.19 12:50 B C:\Aardvark\whgdata\whnvt32.htm --> magnatar.powweb.com /htdocs/WebFDMS/whgdata whnvt32.htm
2005.01.19 12:50 B C:\Aardvark\whgdata\whnvt33.htm --> magnatar.powweb.com /htdocs/WebFDMS/whgdata whnvt33.htm
2005.01.19 12:50 B C:\Aardvark\whgdata\WS_FTP.LOG --> magnatar.powweb.com /htdocs/WebFDMS/whgdata WS_FTP.LOG
