|SourceProjectName:webfdms.hpr
|DestinationProjectName:webfdms.htm
whhost.js
whmsg.js
whmozemu.js
whproxy.js
whstub.js
whutils.js
whver.js
whform.js
whphost.js
whstart.js
whtopic.js
whframes.js
whlang.js
whskin_info.htm
whskin_blank.htm
whnjs.htm
whthost.js
whtdhtml.htm
whihost.js
whibody.htm
whiform.htm
whfhost.js
whfbody.htm
whfform.htm
whghost.js
whgbody.htm
whgdhtml.htm
whgdef.htm
whproj.js
whproj.xml
whproj.htm
whdata\whtoc.js
whdata\whtoc.xml
whdata\whtoc.htm
whdata\whtdata.js
whdata\whidx.js
whdata\whidx.xml
whdata\whidx.htm
whdata\whidata.js
whdata\whfts.js
whdata\whfts.xml
whdata\whfts.htm
whdata\whglo.js
whdata\whglo.xml
whdata\whglo.htm
whdata\whgdata.js
whdata\whftdata.js
whdata\whfwdata.js
whres.xml
WebHelp.jar
WebHelp.cab
whgdata\whnvp30.htm
whgdata\whnvp31.htm
whgdata\whnvp32.htm
whgdata\whnvp33.htm
whgdata\whnvt30.htm
whgdata\whnvt31.htm
whgdata\whnvt32.htm
whgdata\whnvt33.htm
whgdata\whnvf30.htm
whgdata\whnvf31.htm
whgdata\whnvf32.htm
whgdata\whnvf33.htm
whgdata\whnvl31.htm
whgdata\whnvl32.htm
whgdata\whnvl33.htm
whgdata\whexpbar.gif
cshdat_webhelp.htm
cshdat_robohelp.htm
whd_topic.xml
whd_nvp10.htm
whd_nvp20.htm
whd_tabs.htm
whd_dpns.htm
whd_tab0.gif
whd_tab1.gif
whd_tab2.gif
whd_tab3.gif
whd_tab4.gif
whd_tab5.gif
whd_tab6.gif
whd_tab7.gif
whd_tab8.gif
whd_toc1.gif
whd_toc2.gif
whd_toc3.gif
whd_toc4.gif
whd_show0.gif
whd_show1.gif
whd_show2.gif
whd_hide0.gif
whd_hide1.gif
whd_hide2.gif
whd_sync0.gif
whd_sync1.gif
whd_sync2.gif
whd_prev0.gif
whd_prev1.gif
whd_prev2.gif
whd_next0.gif
whd_next1.gif
whd_next2.gif
whd_wbsh0.gif
whd_wbsh1.gif
whd_wbsh2.gif
whidhtml.htm
whfdhtml.htm
webfdms_hha.hhk
webfdms.hhc
webfdms.hhk
Accounting_Interface.htm
accounting_menu.htm
Accounting_Reports.htm
Add_a_New_Bill_To_Party.htm
add_new_item.htm
Add_Speed_Data.htm
Adding_a_New_Location.htm
adding_a_new_user.htm
Adding_a_Price_List.htm
Adding_an_Arranger.htm
Adding_an_Expense_Account.htm
advanced_search.htm
arranger_management.htm
At_Need_-_New.htm
At_Need_-_Overview.htm
at_need_reports.htm
Calculate_Finance_Charges.htm
case_menu.htm
case_sorting.htm
Cases.htm
change_item.htm
Change_Speed_Data.htm
Changing_a_Location.htm
Changing_an_Bill_To_Party.htm
Changing_an_Expense_Account.htm
Changing_Arranger_Info.htm
changing_user_information.htm
Check_Writer.htm
creating_a_desktop_icon_shortcut.htm
Custom.htm
dates.htm
Delete_Speed_Data.htm
Deleting_a_Bill_To_Party.htm
Deleting_a_Location.htm
deleting_a_user.htm
Deleting_an_Arranger.htm
Deleting_an_Expense_Account.htm
Donations.htm
edit_expense_accounts.htm
edit_price_list.htm
edit_speed_data.htm
Edit_Void_Checks.htm
Editing_a_Package.htm
Editing_a_Price_List.htm
Financials.htm
Financials_-_Add_Merchandise.htm
Financials_-_Add_Services.htm
Financials_-_Bill_To_Parties.htm
Financials_-_Change_Price_Lists.htm
Financials_-_Packages.htm
Financials_-_Specify_Components.htm
forms_available.htm
gl_sales_account.htm
inventory_menu.htm
location_management.htm
logging_in_to_fdms.htm
manager.htm
Memorials.htm
menu_options.htm
Misc._Cash_Receipts.htm
navigating_the_pages.htm
Obituary.htm
Payments.htm
Pre-Need_Case_-_New.htm
pre_need_reports.htm
reports.htm
reports_menu.htm
sample_case_list_report.htm
sample_pre_need_deposits.htm
sample_pre_need_status_report.htm
sample_sales_by_director.htm
sample_sales_by_type_director.htm
sample_unposted_cases_report.htm
selecting_the_case_list_display_options.htm
Services.htm
setup_menu.htm
Show_Checklists.htm
Show_Print_Forms.htm
speed_data_formatting.htm
Survivors.htm
user_administration.htm
Vendor_Management.htm
Veterans.htm
viewing_a_case_list.htm
Vitals.htm
Welcome.htm
ehelp.xml
ehlpdhtm.js
webfdms.css
financials_2.gif
icon_style.gif
icon_print.gif
btn_prev_year.gif
memorials.gif
specify_components.gif
add_merchandise.gif
available_forms_management.gif
edit_check_writer_change.gif
edit_check_writer_add_new_acct.gif
add_speed_data.gif
edit_speed_data.gif
page_navigation.gif
desktop_icon.gif
add_services.gif
icon_paste.gif
survivors_entry.gif
pall_bearers.gif
icon_triangle.gif
form_edit.gif
check_writer_stub.gif
icon_bckgrnd_color.gif
icon_number_list.gif
icon_undo.gif
user_admin_-_add.gif
edit_check_writer_exp_accts.gif
case_list_display_options.gif
icon_calendar.gif
form_list.gif
check_writer_edit_void_1.gif
finance_charge_preview.gif
report_sales_by_director.gif
obituary.gif
gl_sale_acct_default_edit.gif
facility_managemeent.gif
edit_price_lists.gif
report_case_list.gif
select_packages.gif
icon_size.gif
icon_increase_indent.gif
icon_bullet_list.gif
interface_file_confirm.gif
cases_advanced_search.gif
donor_letter.gif
icon_sub_super_script.gif
icon_insert_link.gif
icon_select_all.gif
arrangement_management.gif
forms_list_menu_right.gif
icon_paragraph_alignment.gif
icon_text_formatting.gif
arranger_edit.gif
acctg_admin_panel.gif
new_price_list.gif
btn_today.gif
btn_next_day.gif
payment_entry.gif
icon_font.gif
icon_remove_link.gif
misc_cash_receipt.gif
vendor_add_change.gif
check_writer.gif
reports_at_need.gif
bill_to_parties_add.gif
reports_admin_panel.gif
report_sales_director_type.gif
icon_text_color.gif
icon_copy.gif
icon_scissors.gif
user_administration.gif
gl_sales_accounts.gif
location_edit_1.gif
dbx_save_as.gif
calculate_finance_Charges.gif
edit_speed_data_table.gif
inventory_reports.gif
reports_pre_need_status.gif
reports_pre_need.gif
login_page.gif
icon_redo.gif
survivors.gif
location_edit_2.gif
edit_package_price_lists.gif
donations_entry.gif
payment.gif
icon_globe.gif
Setup_admin_panel.gif
edit_check_writer_delete.gif
acctg_interface.gif
acctg_reports.gif
inventory_show_active_inactive.gif
edit_verse.gif
dbx_print_forms.gif
icon_remove_format.gif
at_need_first_call_1.gif
report_unposted_cases.gif
btn_prev_day.gif
printed_form_preprinted_form.gif
change_contract_charge.gif
at_need_first_call_2.gif
edit_price_list_edit.gif
catalog_item.gif
check_writer_edit_void.gif
check_writer_2.gif
inventory_categories.gif
inventory_manager.gif
page_actions.gif
image4.jpg
bill_to_parties.gif
veterans_app_sample.gif
financials_1.gif
dbx_select_color.gif
icon_decrease_indent.gif
icon_email.gif
at_need_first_call_3.gif
at_need_overview.gif
fdms_network_admin_panel.gif
btn_exit.gif
btn_next_year.gif
date_picker.gif
webfdms.ppf
heading_bar_5.gif
webfdms_ns.css
whdata\whtdata0.xml
whdata\whtdata0.htm
whdata\whftdata0.xml
whdata\whftdata0.htm
whdata\whfwdata0.xml
whdata\whfwdata1.xml
whdata\whfwdata2.xml
whdata\whfwdata3.xml
whdata\whfwdata4.xml
whdata\whfwdata0.htm
whdata\whfwdata1.htm
whdata\whfwdata2.htm
whdata\whfwdata3.htm
whdata\whfwdata4.htm
whgdata\whlstt0.htm
whgdata\whlstt1.htm
whgdata\whlstt2.htm
whgdata\whlstt3.htm
whgdata\whlstt4.htm
whgdata\whlstt5.htm
whgdata\whlstt6.htm
whgdata\whlstt7.htm
whgdata\whlstt8.htm
whgdata\whlstt9.htm
whgdata\whlstt10.htm
whgdata\whlstt11.htm
whgdata\whlstt12.htm
whgdata\whlstt13.htm
whgdata\whlstt14.htm
whgdata\whlstt15.htm
whgdata\whlstt16.htm
whgdata\whlstt17.htm
whgdata\whlstt18.htm
whgdata\whlsti0.htm
whgdata\whlstfl0.htm
whgdata\whlstfl1.htm
whgdata\whlstfl2.htm
whgdata\whlstfl3.htm
whgdata\whlstfl4.htm
whgdata\whlstfl5.htm
whgdata\whlstfl6.htm
whgdata\whlstfl7.htm
whgdata\whlstfl8.htm
whgdata\whlstfl9.htm
whgdata\whlstfl10.htm
whgdata\whlstfl11.htm
whgdata\whlstfl12.htm
whgdata\whlstfl13.htm
whgdata\whlstfl14.htm
whgdata\whlstfl15.htm
whgdata\whlstfl16.htm
whgdata\whlstfl17.htm
whgdata\whlstfl18.htm
whgdata\whlstfl19.htm
whgdata\whlstfl20.htm
whgdata\whlstfl21.htm
whgdata\whlstfl22.htm
whgdata\whlstf0.htm
whgdata\whlstf1.htm
whgdata\whlstf2.htm
whgdata\whlstf3.htm
whgdata\whlstf4.htm
whgdata\whlstf5.htm
whgdata\whlstf6.htm
whgdata\whlstf7.htm
whgdata\whlstf8.htm
whgdata\whlstf9.htm
whgdata\whlstf10.htm
whgdata\whlstf11.htm
whgdata\whlstg0.htm
webfdms.htm
webfdms_csh.htm
webfdms_rhc.htm
